[2020-06-23 20:21:41,014] {logging_mixin.py:112} WARNING - [2020-06-23 20:21:41,013 DEBUG] [airflow.task.task_runner.standard_task_runner.StandardTaskRunner.base_task_runner.__init__] Planning to run as the  user
[2020-06-23 20:21:41,013] {base_task_runner.py:61} DEBUG - Planning to run as the  user
[2020-06-23 20:21:41,031] {taskinstance.py:669} INFO - Dependencies all met for <TaskInstance: fffl_update.update_scoreboards 2020-06-24T00:00:00+00:00 [queued]>
[2020-06-23 20:21:41,058] {taskinstance.py:669} INFO - Dependencies all met for <TaskInstance: fffl_update.update_scoreboards 2020-06-24T00:00:00+00:00 [queued]>
[2020-06-23 20:21:41,059] {taskinstance.py:879} INFO - 
--------------------------------------------------------------------------------
[2020-06-23 20:21:41,059] {taskinstance.py:880} INFO - Starting attempt 1 of 2
[2020-06-23 20:21:41,059] {taskinstance.py:881} INFO - 
--------------------------------------------------------------------------------
[2020-06-23 20:21:41,079] {taskinstance.py:900} INFO - Executing <Task(PythonOperator): update_scoreboards> on 2020-06-24T00:00:00+00:00
[2020-06-23 20:21:41,126] {logging_mixin.py:112} WARNING - [2020-06-23 20:21:41,119 INFO] [airflow.task.task_runner.standard_task_runner.StandardTaskRunner.standard_task_runner._start_by_fork] Started process 24001 to run task
[2020-06-23 20:21:41,119] {standard_task_runner.py:53} INFO - Started process 24001 to run task
[2020-06-23 20:21:41,395] {logging_mixin.py:112} INFO - Running %s on host %s <TaskInstance: fffl_update.update_scoreboards 2020-06-24T00:00:00+00:00 [running]> DESKTOP-POQM5AD.localdomain
[2020-06-23 20:21:41,437] {__init__.py:97} DEBUG - Preparing lineage inlets and outlets
[2020-06-23 20:21:41,440] {__init__.py:133} DEBUG - inlets: [], outlets: []
[2020-06-23 20:21:41,441] {python_operator.py:105} DEBUG - Exporting the following env vars:
AIRFLOW_CTX_DAG_EMAIL=capeterson3@gmail.com
AIRFLOW_CTX_DAG_OWNER=airflow
AIRFLOW_CTX_DAG_ID=fffl_update
AIRFLOW_CTX_TASK_ID=update_scoreboards
AIRFLOW_CTX_EXECUTION_DATE=2020-06-24T00:00:00+00:00
AIRFLOW_CTX_DAG_RUN_ID=scheduled__2020-06-24T00:00:00+00:00
[2020-06-23 20:21:41,447] {logging_mixin.py:112} INFO - Updating scoreboards for 2019, week 1
[2020-06-23 20:21:42,244] {logging_mixin.py:112} INFO - Updating scoreboards for 2019, week 2
[2020-06-23 20:21:42,746] {logging_mixin.py:112} INFO - Updating scoreboards for 2019, week 3
[2020-06-23 20:21:43,390] {logging_mixin.py:112} INFO - Updating scoreboards for 2019, week 4
[2020-06-23 20:21:44,125] {logging_mixin.py:112} INFO - Updating scoreboards for 2019, week 5
[2020-06-23 20:21:44,659] {logging_mixin.py:112} INFO - Updating scoreboards for 2019, week 6
[2020-06-23 20:21:45,189] {logging_mixin.py:112} INFO - Updating scoreboards for 2019, week 7
[2020-06-23 20:21:45,886] {logging_mixin.py:112} INFO - Updating scoreboards for 2019, week 8
[2020-06-23 20:21:45,977] {logging_mixin.py:112} WARNING - [2020-06-23 20:21:45,977 DEBUG] [airflow.jobs.local_task_job.LocalTaskJob.base_job.heartbeat] [heartbeat]
[2020-06-23 20:21:45,978] {logging_mixin.py:112} INFO - [2020-06-23 20:21:45,977] {base_job.py:200} DEBUG - [heartbeat]
[2020-06-23 20:21:45,979] {logging_mixin.py:112} WARNING - [2020-06-23 20:21:45,979 DEBUG] [airflow.jobs.local_task_job.LocalTaskJob.local_task_job._execute] Time since last heartbeat(0.02 s) < heartrate(5.0 s), sleeping for 4.979533 s
[2020-06-23 20:21:45,979] {logging_mixin.py:112} INFO - [2020-06-23 20:21:45,979] {local_task_job.py:124} DEBUG - Time since last heartbeat(0.02 s) < heartrate(5.0 s), sleeping for 4.979533 s
[2020-06-23 20:21:46,528] {logging_mixin.py:112} INFO - Updating scoreboards for 2019, week 9
[2020-06-23 20:21:47,224] {logging_mixin.py:112} INFO - Updating scoreboards for 2019, week 10
[2020-06-23 20:21:47,861] {logging_mixin.py:112} INFO - Updating scoreboards for 2019, week 11
[2020-06-23 20:21:48,474] {logging_mixin.py:112} INFO - Updating scoreboards for 2019, week 12
[2020-06-23 20:21:49,261] {logging_mixin.py:112} INFO - Updating scoreboards for 2019, week 13
[2020-06-23 20:21:49,808] {logging_mixin.py:112} INFO - Updating scoreboards for 2019, week 14
[2020-06-23 20:21:50,313] {logging_mixin.py:112} INFO - Updating scoreboards for 2019, week 15
[2020-06-23 20:21:50,930] {logging_mixin.py:112} INFO - Updating scoreboards for 2019, week 16
[2020-06-23 20:21:51,032] {logging_mixin.py:112} WARNING - [2020-06-23 20:21:51,032 DEBUG] [airflow.jobs.local_task_job.LocalTaskJob.base_job.heartbeat] [heartbeat]
[2020-06-23 20:21:51,033] {logging_mixin.py:112} INFO - [2020-06-23 20:21:51,032] {base_job.py:200} DEBUG - [heartbeat]
[2020-06-23 20:21:51,033] {logging_mixin.py:112} WARNING - [2020-06-23 20:21:51,033 DEBUG] [airflow.jobs.local_task_job.LocalTaskJob.local_task_job._execute] Time since last heartbeat(0.02 s) < heartrate(5.0 s), sleeping for 4.983251 s
[2020-06-23 20:21:51,034] {logging_mixin.py:112} INFO - [2020-06-23 20:21:51,033] {local_task_job.py:124} DEBUG - Time since last heartbeat(0.02 s) < heartrate(5.0 s), sleeping for 4.983251 s
[2020-06-23 20:21:51,481] {python_operator.py:114} INFO - Done. Returned value was: None
[2020-06-23 20:21:51,487] {__init__.py:58} DEBUG - Backend: None, Lineage called with inlets: [], outlets: []
[2020-06-23 20:21:51,506] {taskinstance.py:1065} INFO - Marking task as SUCCESS.dag_id=fffl_update, task_id=update_scoreboards, execution_date=20200624T000000, start_date=20200624T032141, end_date=20200624T032151
[2020-06-23 20:21:56,019] {logging_mixin.py:112} WARNING - [2020-06-23 20:21:56,019 INFO] [airflow.jobs.local_task_job.LocalTaskJob.local_task_job._execute] Task exited with return code 0
[2020-06-23 20:21:56,020] {logging_mixin.py:112} INFO - [2020-06-23 20:21:56,019] {local_task_job.py:103} INFO - Task exited with return code 0
