[2020-06-23 19:02:59,139] {logging_mixin.py:112} WARNING - [2020-06-23 19:02:59,139 DEBUG] [airflow.task.task_runner.standard_task_runner.StandardTaskRunner.base_task_runner.__init__] Planning to run as the  user
[2020-06-23 19:02:59,139] {base_task_runner.py:61} DEBUG - Planning to run as the  user
[2020-06-23 19:02:59,155] {taskinstance.py:669} INFO - Dependencies all met for <TaskInstance: fffl_update.update_scoreboards 2020-06-23T10:00:00+00:00 [queued]>
[2020-06-23 19:02:59,175] {taskinstance.py:669} INFO - Dependencies all met for <TaskInstance: fffl_update.update_scoreboards 2020-06-23T10:00:00+00:00 [queued]>
[2020-06-23 19:02:59,176] {taskinstance.py:879} INFO - 
--------------------------------------------------------------------------------
[2020-06-23 19:02:59,176] {taskinstance.py:880} INFO - Starting attempt 1 of 2
[2020-06-23 19:02:59,176] {taskinstance.py:881} INFO - 
--------------------------------------------------------------------------------
[2020-06-23 19:02:59,192] {taskinstance.py:900} INFO - Executing <Task(PythonOperator): update_scoreboards> on 2020-06-23T10:00:00+00:00
[2020-06-23 19:02:59,236] {logging_mixin.py:112} WARNING - [2020-06-23 19:02:59,232 INFO] [airflow.task.task_runner.standard_task_runner.StandardTaskRunner.standard_task_runner._start_by_fork] Started process 21036 to run task
[2020-06-23 19:02:59,232] {standard_task_runner.py:53} INFO - Started process 21036 to run task
[2020-06-23 19:02:59,455] {logging_mixin.py:112} INFO - Running %s on host %s <TaskInstance: fffl_update.update_scoreboards 2020-06-23T10:00:00+00:00 [running]> DESKTOP-POQM5AD.localdomain
[2020-06-23 19:02:59,486] {__init__.py:97} DEBUG - Preparing lineage inlets and outlets
[2020-06-23 19:02:59,488] {__init__.py:133} DEBUG - inlets: [], outlets: []
[2020-06-23 19:02:59,496] {python_operator.py:105} DEBUG - Exporting the following env vars:
AIRFLOW_CTX_DAG_EMAIL=capeterson3@gmail.com
AIRFLOW_CTX_DAG_OWNER=airflow
AIRFLOW_CTX_DAG_ID=fffl_update
AIRFLOW_CTX_TASK_ID=update_scoreboards
AIRFLOW_CTX_EXECUTION_DATE=2020-06-23T10:00:00+00:00
AIRFLOW_CTX_DAG_RUN_ID=scheduled__2020-06-23T10:00:00+00:00
[2020-06-23 19:02:59,502] {logging_mixin.py:112} INFO - Updating scoreboards for 2019, week 1
[2020-06-23 19:03:00,430] {logging_mixin.py:112} INFO - Updating scoreboards for 2019, week 2
[2020-06-23 19:03:00,978] {logging_mixin.py:112} INFO - Updating scoreboards for 2019, week 3
[2020-06-23 19:03:01,665] {logging_mixin.py:112} INFO - Updating scoreboards for 2019, week 4
[2020-06-23 19:03:02,260] {logging_mixin.py:112} INFO - Updating scoreboards for 2019, week 5
[2020-06-23 19:03:02,983] {logging_mixin.py:112} INFO - Updating scoreboards for 2019, week 6
[2020-06-23 19:03:03,592] {logging_mixin.py:112} INFO - Updating scoreboards for 2019, week 7
[2020-06-23 19:03:04,132] {logging_mixin.py:112} WARNING - [2020-06-23 19:03:04,132 DEBUG] [airflow.jobs.local_task_job.LocalTaskJob.base_job.heartbeat] [heartbeat]
[2020-06-23 19:03:04,133] {logging_mixin.py:112} INFO - [2020-06-23 19:03:04,132] {base_job.py:200} DEBUG - [heartbeat]
[2020-06-23 19:03:04,134] {logging_mixin.py:112} WARNING - [2020-06-23 19:03:04,133 DEBUG] [airflow.jobs.local_task_job.LocalTaskJob.local_task_job._execute] Time since last heartbeat(0.02 s) < heartrate(5.0 s), sleeping for 4.97614 s
[2020-06-23 19:03:04,134] {logging_mixin.py:112} INFO - [2020-06-23 19:03:04,133] {local_task_job.py:124} DEBUG - Time since last heartbeat(0.02 s) < heartrate(5.0 s), sleeping for 4.97614 s
[2020-06-23 19:03:04,235] {logging_mixin.py:112} INFO - Updating scoreboards for 2019, week 8
[2020-06-23 19:03:04,839] {logging_mixin.py:112} INFO - Updating scoreboards for 2019, week 9
[2020-06-23 19:03:05,452] {logging_mixin.py:112} INFO - Updating scoreboards for 2019, week 10
[2020-06-23 19:03:06,032] {logging_mixin.py:112} INFO - Updating scoreboards for 2019, week 11
[2020-06-23 19:03:06,754] {logging_mixin.py:112} INFO - Updating scoreboards for 2019, week 12
[2020-06-23 19:03:07,277] {logging_mixin.py:112} INFO - Updating scoreboards for 2019, week 13
[2020-06-23 19:03:07,890] {logging_mixin.py:112} INFO - Updating scoreboards for 2019, week 14
[2020-06-23 19:03:08,500] {logging_mixin.py:112} INFO - Updating scoreboards for 2019, week 15
[2020-06-23 19:03:09,120] {logging_mixin.py:112} INFO - Updating scoreboards for 2019, week 16
[2020-06-23 19:03:09,184] {logging_mixin.py:112} WARNING - [2020-06-23 19:03:09,184 DEBUG] [airflow.jobs.local_task_job.LocalTaskJob.base_job.heartbeat] [heartbeat]
[2020-06-23 19:03:09,184] {logging_mixin.py:112} INFO - [2020-06-23 19:03:09,184] {base_job.py:200} DEBUG - [heartbeat]
[2020-06-23 19:03:09,185] {logging_mixin.py:112} WARNING - [2020-06-23 19:03:09,185 DEBUG] [airflow.jobs.local_task_job.LocalTaskJob.local_task_job._execute] Time since last heartbeat(0.02 s) < heartrate(5.0 s), sleeping for 4.983262 s
[2020-06-23 19:03:09,185] {logging_mixin.py:112} INFO - [2020-06-23 19:03:09,185] {local_task_job.py:124} DEBUG - Time since last heartbeat(0.02 s) < heartrate(5.0 s), sleeping for 4.983262 s
[2020-06-23 19:03:09,601] {python_operator.py:114} INFO - Done. Returned value was: None
[2020-06-23 19:03:09,605] {__init__.py:58} DEBUG - Backend: None, Lineage called with inlets: [], outlets: []
[2020-06-23 19:03:09,636] {taskinstance.py:1065} INFO - Marking task as SUCCESS.dag_id=fffl_update, task_id=update_scoreboards, execution_date=20200623T100000, start_date=20200624T020259, end_date=20200624T020309
[2020-06-23 19:03:14,171] {logging_mixin.py:112} WARNING - [2020-06-23 19:03:14,171 INFO] [airflow.jobs.local_task_job.LocalTaskJob.local_task_job._execute] Task exited with return code 0
[2020-06-23 19:03:14,172] {logging_mixin.py:112} INFO - [2020-06-23 19:03:14,171] {local_task_job.py:103} INFO - Task exited with return code 0
