[2020-06-23 20:22:18,581] {logging_mixin.py:112} WARNING - [2020-06-23 20:22:18,581 DEBUG] [airflow.task.task_runner.standard_task_runner.StandardTaskRunner.base_task_runner.__init__] Planning to run as the  user
[2020-06-23 20:22:18,581] {base_task_runner.py:61} DEBUG - Planning to run as the  user
[2020-06-23 20:22:18,595] {taskinstance.py:669} INFO - Dependencies all met for <TaskInstance: fffl_update.update_scoreboards 2020-06-24T01:00:00+00:00 [queued]>
[2020-06-23 20:22:18,610] {taskinstance.py:669} INFO - Dependencies all met for <TaskInstance: fffl_update.update_scoreboards 2020-06-24T01:00:00+00:00 [queued]>
[2020-06-23 20:22:18,610] {taskinstance.py:879} INFO - 
--------------------------------------------------------------------------------
[2020-06-23 20:22:18,611] {taskinstance.py:880} INFO - Starting attempt 1 of 2
[2020-06-23 20:22:18,611] {taskinstance.py:881} INFO - 
--------------------------------------------------------------------------------
[2020-06-23 20:22:18,628] {taskinstance.py:900} INFO - Executing <Task(PythonOperator): update_scoreboards> on 2020-06-24T01:00:00+00:00
[2020-06-23 20:22:18,666] {logging_mixin.py:112} WARNING - [2020-06-23 20:22:18,661 INFO] [airflow.task.task_runner.standard_task_runner.StandardTaskRunner.standard_task_runner._start_by_fork] Started process 24026 to run task
[2020-06-23 20:22:18,661] {standard_task_runner.py:53} INFO - Started process 24026 to run task
[2020-06-23 20:22:18,870] {logging_mixin.py:112} INFO - Running %s on host %s <TaskInstance: fffl_update.update_scoreboards 2020-06-24T01:00:00+00:00 [running]> DESKTOP-POQM5AD.localdomain
[2020-06-23 20:22:18,899] {__init__.py:97} DEBUG - Preparing lineage inlets and outlets
[2020-06-23 20:22:18,900] {__init__.py:133} DEBUG - inlets: [], outlets: []
[2020-06-23 20:22:18,901] {python_operator.py:105} DEBUG - Exporting the following env vars:
AIRFLOW_CTX_DAG_EMAIL=capeterson3@gmail.com
AIRFLOW_CTX_DAG_OWNER=airflow
AIRFLOW_CTX_DAG_ID=fffl_update
AIRFLOW_CTX_TASK_ID=update_scoreboards
AIRFLOW_CTX_EXECUTION_DATE=2020-06-24T01:00:00+00:00
AIRFLOW_CTX_DAG_RUN_ID=scheduled__2020-06-24T01:00:00+00:00
[2020-06-23 20:22:18,907] {logging_mixin.py:112} INFO - Updating scoreboards for 2019, week 1
[2020-06-23 20:22:20,021] {logging_mixin.py:112} INFO - Updating scoreboards for 2019, week 2
[2020-06-23 20:22:20,714] {logging_mixin.py:112} INFO - Updating scoreboards for 2019, week 3
[2020-06-23 20:22:21,288] {logging_mixin.py:112} INFO - Updating scoreboards for 2019, week 4
[2020-06-23 20:22:21,888] {logging_mixin.py:112} INFO - Updating scoreboards for 2019, week 5
[2020-06-23 20:22:22,505] {logging_mixin.py:112} INFO - Updating scoreboards for 2019, week 6
[2020-06-23 20:22:23,211] {logging_mixin.py:112} INFO - Updating scoreboards for 2019, week 7
[2020-06-23 20:22:23,583] {logging_mixin.py:112} WARNING - [2020-06-23 20:22:23,583 DEBUG] [airflow.jobs.local_task_job.LocalTaskJob.base_job.heartbeat] [heartbeat]
[2020-06-23 20:22:23,584] {logging_mixin.py:112} INFO - [2020-06-23 20:22:23,583] {base_job.py:200} DEBUG - [heartbeat]
[2020-06-23 20:22:23,585] {logging_mixin.py:112} WARNING - [2020-06-23 20:22:23,585 DEBUG] [airflow.jobs.local_task_job.LocalTaskJob.local_task_job._execute] Time since last heartbeat(0.02 s) < heartrate(5.0 s), sleeping for 4.977644 s
[2020-06-23 20:22:23,585] {logging_mixin.py:112} INFO - [2020-06-23 20:22:23,585] {local_task_job.py:124} DEBUG - Time since last heartbeat(0.02 s) < heartrate(5.0 s), sleeping for 4.977644 s
[2020-06-23 20:22:23,905] {logging_mixin.py:112} INFO - Updating scoreboards for 2019, week 8
[2020-06-23 20:22:24,723] {logging_mixin.py:112} INFO - Updating scoreboards for 2019, week 9
[2020-06-23 20:22:25,338] {logging_mixin.py:112} INFO - Updating scoreboards for 2019, week 10
[2020-06-23 20:22:25,956] {logging_mixin.py:112} INFO - Updating scoreboards for 2019, week 11
[2020-06-23 20:22:26,571] {logging_mixin.py:112} INFO - Updating scoreboards for 2019, week 12
[2020-06-23 20:22:27,154] {logging_mixin.py:112} INFO - Updating scoreboards for 2019, week 13
[2020-06-23 20:22:27,800] {logging_mixin.py:112} INFO - Updating scoreboards for 2019, week 14
[2020-06-23 20:22:28,371] {logging_mixin.py:112} INFO - Updating scoreboards for 2019, week 15
[2020-06-23 20:22:28,638] {logging_mixin.py:112} WARNING - [2020-06-23 20:22:28,638 DEBUG] [airflow.jobs.local_task_job.LocalTaskJob.base_job.heartbeat] [heartbeat]
[2020-06-23 20:22:28,638] {logging_mixin.py:112} INFO - [2020-06-23 20:22:28,638] {base_job.py:200} DEBUG - [heartbeat]
[2020-06-23 20:22:28,639] {logging_mixin.py:112} WARNING - [2020-06-23 20:22:28,639 DEBUG] [airflow.jobs.local_task_job.LocalTaskJob.local_task_job._execute] Time since last heartbeat(0.02 s) < heartrate(5.0 s), sleeping for 4.982943 s
[2020-06-23 20:22:28,640] {logging_mixin.py:112} INFO - [2020-06-23 20:22:28,639] {local_task_job.py:124} DEBUG - Time since last heartbeat(0.02 s) < heartrate(5.0 s), sleeping for 4.982943 s
[2020-06-23 20:22:28,900] {logging_mixin.py:112} INFO - Updating scoreboards for 2019, week 16
[2020-06-23 20:22:29,532] {python_operator.py:114} INFO - Done. Returned value was: None
[2020-06-23 20:22:29,538] {__init__.py:58} DEBUG - Backend: None, Lineage called with inlets: [], outlets: []
[2020-06-23 20:22:29,555] {taskinstance.py:1065} INFO - Marking task as SUCCESS.dag_id=fffl_update, task_id=update_scoreboards, execution_date=20200624T010000, start_date=20200624T032218, end_date=20200624T032229
[2020-06-23 20:22:33,625] {logging_mixin.py:112} WARNING - [2020-06-23 20:22:33,625 INFO] [airflow.jobs.local_task_job.LocalTaskJob.local_task_job._execute] Task exited with return code 0
[2020-06-23 20:22:33,625] {logging_mixin.py:112} INFO - [2020-06-23 20:22:33,625] {local_task_job.py:103} INFO - Task exited with return code 0
