[2020-06-23 19:05:41,562] {logging_mixin.py:112} WARNING - [2020-06-23 19:05:41,562 DEBUG] [airflow.task.task_runner.standard_task_runner.StandardTaskRunner.base_task_runner.__init__] Planning to run as the  user
[2020-06-23 19:05:41,562] {base_task_runner.py:61} DEBUG - Planning to run as the  user
[2020-06-23 19:05:41,578] {taskinstance.py:669} INFO - Dependencies all met for <TaskInstance: fffl_update.update_scoreboards 2020-06-23T14:00:00+00:00 [queued]>
[2020-06-23 19:05:41,599] {taskinstance.py:669} INFO - Dependencies all met for <TaskInstance: fffl_update.update_scoreboards 2020-06-23T14:00:00+00:00 [queued]>
[2020-06-23 19:05:41,599] {taskinstance.py:879} INFO - 
--------------------------------------------------------------------------------
[2020-06-23 19:05:41,600] {taskinstance.py:880} INFO - Starting attempt 1 of 2
[2020-06-23 19:05:41,600] {taskinstance.py:881} INFO - 
--------------------------------------------------------------------------------
[2020-06-23 19:05:41,618] {taskinstance.py:900} INFO - Executing <Task(PythonOperator): update_scoreboards> on 2020-06-23T14:00:00+00:00
[2020-06-23 19:05:41,664] {logging_mixin.py:112} WARNING - [2020-06-23 19:05:41,657 INFO] [airflow.task.task_runner.standard_task_runner.StandardTaskRunner.standard_task_runner._start_by_fork] Started process 21213 to run task
[2020-06-23 19:05:41,657] {standard_task_runner.py:53} INFO - Started process 21213 to run task
[2020-06-23 19:05:41,911] {logging_mixin.py:112} INFO - Running %s on host %s <TaskInstance: fffl_update.update_scoreboards 2020-06-23T14:00:00+00:00 [running]> DESKTOP-POQM5AD.localdomain
[2020-06-23 19:05:41,947] {__init__.py:97} DEBUG - Preparing lineage inlets and outlets
[2020-06-23 19:05:41,949] {__init__.py:133} DEBUG - inlets: [], outlets: []
[2020-06-23 19:05:41,950] {python_operator.py:105} DEBUG - Exporting the following env vars:
AIRFLOW_CTX_DAG_EMAIL=capeterson3@gmail.com
AIRFLOW_CTX_DAG_OWNER=airflow
AIRFLOW_CTX_DAG_ID=fffl_update
AIRFLOW_CTX_TASK_ID=update_scoreboards
AIRFLOW_CTX_EXECUTION_DATE=2020-06-23T14:00:00+00:00
AIRFLOW_CTX_DAG_RUN_ID=scheduled__2020-06-23T14:00:00+00:00
[2020-06-23 19:05:41,973] {logging_mixin.py:112} INFO - Updating scoreboards for 2019, week 1
[2020-06-23 19:05:42,664] {logging_mixin.py:112} INFO - Updating scoreboards for 2019, week 2
[2020-06-23 19:05:43,349] {logging_mixin.py:112} INFO - Updating scoreboards for 2019, week 3
[2020-06-23 19:05:44,030] {logging_mixin.py:112} INFO - Updating scoreboards for 2019, week 4
[2020-06-23 19:05:44,683] {logging_mixin.py:112} INFO - Updating scoreboards for 2019, week 5
[2020-06-23 19:05:45,362] {logging_mixin.py:112} INFO - Updating scoreboards for 2019, week 6
[2020-06-23 19:05:46,281] {logging_mixin.py:112} INFO - Updating scoreboards for 2019, week 7
[2020-06-23 19:05:46,555] {logging_mixin.py:112} WARNING - [2020-06-23 19:05:46,555 DEBUG] [airflow.jobs.local_task_job.LocalTaskJob.base_job.heartbeat] [heartbeat]
[2020-06-23 19:05:46,556] {logging_mixin.py:112} INFO - [2020-06-23 19:05:46,555] {base_job.py:200} DEBUG - [heartbeat]
[2020-06-23 19:05:46,556] {logging_mixin.py:112} WARNING - [2020-06-23 19:05:46,556 DEBUG] [airflow.jobs.local_task_job.LocalTaskJob.local_task_job._execute] Time since last heartbeat(0.01 s) < heartrate(5.0 s), sleeping for 4.988873 s
[2020-06-23 19:05:46,557] {logging_mixin.py:112} INFO - [2020-06-23 19:05:46,556] {local_task_job.py:124} DEBUG - Time since last heartbeat(0.01 s) < heartrate(5.0 s), sleeping for 4.988873 s
[2020-06-23 19:05:46,849] {logging_mixin.py:112} INFO - Updating scoreboards for 2019, week 8
[2020-06-23 19:05:47,417] {logging_mixin.py:112} INFO - Updating scoreboards for 2019, week 9
[2020-06-23 19:05:48,084] {logging_mixin.py:112} INFO - Updating scoreboards for 2019, week 10
[2020-06-23 19:05:48,760] {logging_mixin.py:112} INFO - Updating scoreboards for 2019, week 11
[2020-06-23 19:05:49,420] {logging_mixin.py:112} INFO - Updating scoreboards for 2019, week 12
[2020-06-23 19:05:50,194] {logging_mixin.py:112} INFO - Updating scoreboards for 2019, week 13
[2020-06-23 19:05:50,809] {logging_mixin.py:112} INFO - Updating scoreboards for 2019, week 14
[2020-06-23 19:05:51,425] {logging_mixin.py:112} INFO - Updating scoreboards for 2019, week 15
[2020-06-23 19:05:51,606] {logging_mixin.py:112} WARNING - [2020-06-23 19:05:51,606 DEBUG] [airflow.jobs.local_task_job.LocalTaskJob.base_job.heartbeat] [heartbeat]
[2020-06-23 19:05:51,607] {logging_mixin.py:112} INFO - [2020-06-23 19:05:51,606] {base_job.py:200} DEBUG - [heartbeat]
[2020-06-23 19:05:51,607] {logging_mixin.py:112} WARNING - [2020-06-23 19:05:51,607 DEBUG] [airflow.jobs.local_task_job.LocalTaskJob.local_task_job._execute] Time since last heartbeat(0.01 s) < heartrate(5.0 s), sleeping for 4.990762 s
[2020-06-23 19:05:51,607] {logging_mixin.py:112} INFO - [2020-06-23 19:05:51,607] {local_task_job.py:124} DEBUG - Time since last heartbeat(0.01 s) < heartrate(5.0 s), sleeping for 4.990762 s
[2020-06-23 19:05:51,946] {logging_mixin.py:112} INFO - Updating scoreboards for 2019, week 16
[2020-06-23 19:05:52,548] {python_operator.py:114} INFO - Done. Returned value was: None
[2020-06-23 19:05:52,551] {__init__.py:58} DEBUG - Backend: None, Lineage called with inlets: [], outlets: []
[2020-06-23 19:05:52,561] {taskinstance.py:1065} INFO - Marking task as SUCCESS.dag_id=fffl_update, task_id=update_scoreboards, execution_date=20200623T140000, start_date=20200624T020541, end_date=20200624T020552
[2020-06-23 19:05:56,600] {logging_mixin.py:112} WARNING - [2020-06-23 19:05:56,600 INFO] [airflow.jobs.local_task_job.LocalTaskJob.local_task_job._execute] Task exited with return code 0
[2020-06-23 19:05:56,601] {logging_mixin.py:112} INFO - [2020-06-23 19:05:56,600] {local_task_job.py:103} INFO - Task exited with return code 0
