[2020-06-23 20:14:35,864] {logging_mixin.py:112} WARNING - [2020-06-23 20:14:35,864 DEBUG] [airflow.task.task_runner.standard_task_runner.StandardTaskRunner.base_task_runner.__init__] Planning to run as the  user
[2020-06-23 20:14:35,864] {base_task_runner.py:61} DEBUG - Planning to run as the  user
[2020-06-23 20:14:35,877] {taskinstance.py:669} INFO - Dependencies all met for <TaskInstance: fffl_update.update_scoreboards 2020-06-23T17:00:00+00:00 [queued]>
[2020-06-23 20:14:35,891] {taskinstance.py:669} INFO - Dependencies all met for <TaskInstance: fffl_update.update_scoreboards 2020-06-23T17:00:00+00:00 [queued]>
[2020-06-23 20:14:35,891] {taskinstance.py:879} INFO - 
--------------------------------------------------------------------------------
[2020-06-23 20:14:35,891] {taskinstance.py:880} INFO - Starting attempt 1 of 2
[2020-06-23 20:14:35,891] {taskinstance.py:881} INFO - 
--------------------------------------------------------------------------------
[2020-06-23 20:14:35,905] {taskinstance.py:900} INFO - Executing <Task(PythonOperator): update_scoreboards> on 2020-06-23T17:00:00+00:00
[2020-06-23 20:14:35,943] {logging_mixin.py:112} WARNING - [2020-06-23 20:14:35,939 INFO] [airflow.task.task_runner.standard_task_runner.StandardTaskRunner.standard_task_runner._start_by_fork] Started process 23510 to run task
[2020-06-23 20:14:35,939] {standard_task_runner.py:53} INFO - Started process 23510 to run task
[2020-06-23 20:14:36,232] {logging_mixin.py:112} INFO - Running %s on host %s <TaskInstance: fffl_update.update_scoreboards 2020-06-23T17:00:00+00:00 [running]> DESKTOP-POQM5AD.localdomain
[2020-06-23 20:14:36,293] {__init__.py:97} DEBUG - Preparing lineage inlets and outlets
[2020-06-23 20:14:36,295] {__init__.py:133} DEBUG - inlets: [], outlets: []
[2020-06-23 20:14:36,309] {python_operator.py:105} DEBUG - Exporting the following env vars:
AIRFLOW_CTX_DAG_EMAIL=capeterson3@gmail.com
AIRFLOW_CTX_DAG_OWNER=airflow
AIRFLOW_CTX_DAG_ID=fffl_update
AIRFLOW_CTX_TASK_ID=update_scoreboards
AIRFLOW_CTX_EXECUTION_DATE=2020-06-23T17:00:00+00:00
AIRFLOW_CTX_DAG_RUN_ID=scheduled__2020-06-23T17:00:00+00:00
[2020-06-23 20:14:36,328] {logging_mixin.py:112} INFO - Updating scoreboards for 2019, week 1
[2020-06-23 20:14:37,279] {logging_mixin.py:112} INFO - Updating scoreboards for 2019, week 2
[2020-06-23 20:14:37,782] {logging_mixin.py:112} INFO - Updating scoreboards for 2019, week 3
[2020-06-23 20:14:38,481] {logging_mixin.py:112} INFO - Updating scoreboards for 2019, week 4
[2020-06-23 20:14:39,099] {logging_mixin.py:112} INFO - Updating scoreboards for 2019, week 5
[2020-06-23 20:14:39,708] {logging_mixin.py:112} INFO - Updating scoreboards for 2019, week 6
[2020-06-23 20:14:40,278] {logging_mixin.py:112} INFO - Updating scoreboards for 2019, week 7
[2020-06-23 20:14:40,852] {logging_mixin.py:112} WARNING - [2020-06-23 20:14:40,851 DEBUG] [airflow.jobs.local_task_job.LocalTaskJob.base_job.heartbeat] [heartbeat]
[2020-06-23 20:14:40,853] {logging_mixin.py:112} INFO - [2020-06-23 20:14:40,851] {base_job.py:200} DEBUG - [heartbeat]
[2020-06-23 20:14:40,854] {logging_mixin.py:112} WARNING - [2020-06-23 20:14:40,854 DEBUG] [airflow.jobs.local_task_job.LocalTaskJob.local_task_job._execute] Time since last heartbeat(0.02 s) < heartrate(5.0 s), sleeping for 4.978596 s
[2020-06-23 20:14:40,855] {logging_mixin.py:112} INFO - [2020-06-23 20:14:40,854] {local_task_job.py:124} DEBUG - Time since last heartbeat(0.02 s) < heartrate(5.0 s), sleeping for 4.978596 s
[2020-06-23 20:14:41,081] {logging_mixin.py:112} INFO - Updating scoreboards for 2019, week 8
[2020-06-23 20:14:41,761] {logging_mixin.py:112} INFO - Updating scoreboards for 2019, week 9
[2020-06-23 20:14:42,548] {logging_mixin.py:112} INFO - Updating scoreboards for 2019, week 10
[2020-06-23 20:14:43,094] {logging_mixin.py:112} INFO - Updating scoreboards for 2019, week 11
[2020-06-23 20:14:43,826] {logging_mixin.py:112} INFO - Updating scoreboards for 2019, week 12
[2020-06-23 20:14:44,491] {logging_mixin.py:112} INFO - Updating scoreboards for 2019, week 13
[2020-06-23 20:14:45,244] {logging_mixin.py:112} INFO - Updating scoreboards for 2019, week 14
[2020-06-23 20:14:45,878] {logging_mixin.py:112} INFO - Updating scoreboards for 2019, week 15
[2020-06-23 20:14:45,890] {logging_mixin.py:112} WARNING - [2020-06-23 20:14:45,890 DEBUG] [airflow.jobs.local_task_job.LocalTaskJob.base_job.heartbeat] [heartbeat]
[2020-06-23 20:14:45,891] {logging_mixin.py:112} INFO - [2020-06-23 20:14:45,890] {base_job.py:200} DEBUG - [heartbeat]
[2020-06-23 20:14:45,891] {logging_mixin.py:112} WARNING - [2020-06-23 20:14:45,891 DEBUG] [airflow.jobs.local_task_job.LocalTaskJob.local_task_job._execute] Time since last heartbeat(0.01 s) < heartrate(5.0 s), sleeping for 4.98652 s
[2020-06-23 20:14:45,891] {logging_mixin.py:112} INFO - [2020-06-23 20:14:45,891] {local_task_job.py:124} DEBUG - Time since last heartbeat(0.01 s) < heartrate(5.0 s), sleeping for 4.98652 s
[2020-06-23 20:14:46,500] {logging_mixin.py:112} INFO - Updating scoreboards for 2019, week 16
[2020-06-23 20:14:46,978] {python_operator.py:114} INFO - Done. Returned value was: None
[2020-06-23 20:14:46,983] {__init__.py:58} DEBUG - Backend: None, Lineage called with inlets: [], outlets: []
[2020-06-23 20:14:47,027] {taskinstance.py:1065} INFO - Marking task as SUCCESS.dag_id=fffl_update, task_id=update_scoreboards, execution_date=20200623T170000, start_date=20200624T031435, end_date=20200624T031447
[2020-06-23 20:14:50,881] {logging_mixin.py:112} WARNING - [2020-06-23 20:14:50,880 INFO] [airflow.jobs.local_task_job.LocalTaskJob.local_task_job._execute] Task exited with return code 0
[2020-06-23 20:14:50,881] {logging_mixin.py:112} INFO - [2020-06-23 20:14:50,880] {local_task_job.py:103} INFO - Task exited with return code 0
