[2020-06-23 19:05:00,947] {logging_mixin.py:112} WARNING - [2020-06-23 19:05:00,947 DEBUG] [airflow.task.task_runner.standard_task_runner.StandardTaskRunner.base_task_runner.__init__] Planning to run as the  user
[2020-06-23 19:05:00,947] {base_task_runner.py:61} DEBUG - Planning to run as the  user
[2020-06-23 19:05:00,963] {taskinstance.py:669} INFO - Dependencies all met for <TaskInstance: fffl_update.update_scoreboards 2020-06-23T13:00:00+00:00 [queued]>
[2020-06-23 19:05:00,979] {taskinstance.py:669} INFO - Dependencies all met for <TaskInstance: fffl_update.update_scoreboards 2020-06-23T13:00:00+00:00 [queued]>
[2020-06-23 19:05:00,979] {taskinstance.py:879} INFO - 
--------------------------------------------------------------------------------
[2020-06-23 19:05:00,980] {taskinstance.py:880} INFO - Starting attempt 1 of 2
[2020-06-23 19:05:00,980] {taskinstance.py:881} INFO - 
--------------------------------------------------------------------------------
[2020-06-23 19:05:00,997] {taskinstance.py:900} INFO - Executing <Task(PythonOperator): update_scoreboards> on 2020-06-23T13:00:00+00:00
[2020-06-23 19:05:01,032] {logging_mixin.py:112} WARNING - [2020-06-23 19:05:01,028 INFO] [airflow.task.task_runner.standard_task_runner.StandardTaskRunner.standard_task_runner._start_by_fork] Started process 21132 to run task
[2020-06-23 19:05:01,028] {standard_task_runner.py:53} INFO - Started process 21132 to run task
[2020-06-23 19:05:01,249] {logging_mixin.py:112} INFO - Running %s on host %s <TaskInstance: fffl_update.update_scoreboards 2020-06-23T13:00:00+00:00 [running]> DESKTOP-POQM5AD.localdomain
[2020-06-23 19:05:01,282] {__init__.py:97} DEBUG - Preparing lineage inlets and outlets
[2020-06-23 19:05:01,284] {__init__.py:133} DEBUG - inlets: [], outlets: []
[2020-06-23 19:05:01,286] {python_operator.py:105} DEBUG - Exporting the following env vars:
AIRFLOW_CTX_DAG_EMAIL=capeterson3@gmail.com
AIRFLOW_CTX_DAG_OWNER=airflow
AIRFLOW_CTX_DAG_ID=fffl_update
AIRFLOW_CTX_TASK_ID=update_scoreboards
AIRFLOW_CTX_EXECUTION_DATE=2020-06-23T13:00:00+00:00
AIRFLOW_CTX_DAG_RUN_ID=scheduled__2020-06-23T13:00:00+00:00
[2020-06-23 19:05:01,357] {logging_mixin.py:112} INFO - Updating scoreboards for 2019, week 1
[2020-06-23 19:05:02,075] {logging_mixin.py:112} INFO - Updating scoreboards for 2019, week 2
[2020-06-23 19:05:02,662] {logging_mixin.py:112} INFO - Updating scoreboards for 2019, week 3
[2020-06-23 19:05:03,232] {logging_mixin.py:112} INFO - Updating scoreboards for 2019, week 4
[2020-06-23 19:05:04,014] {logging_mixin.py:112} INFO - Updating scoreboards for 2019, week 5
[2020-06-23 19:05:04,718] {logging_mixin.py:112} INFO - Updating scoreboards for 2019, week 6
[2020-06-23 19:05:05,348] {logging_mixin.py:112} INFO - Updating scoreboards for 2019, week 7
[2020-06-23 19:05:05,942] {logging_mixin.py:112} WARNING - [2020-06-23 19:05:05,941 DEBUG] [airflow.jobs.local_task_job.LocalTaskJob.base_job.heartbeat] [heartbeat]
[2020-06-23 19:05:05,943] {logging_mixin.py:112} INFO - [2020-06-23 19:05:05,941] {base_job.py:200} DEBUG - [heartbeat]
[2020-06-23 19:05:05,943] {logging_mixin.py:112} WARNING - [2020-06-23 19:05:05,943 DEBUG] [airflow.jobs.local_task_job.LocalTaskJob.local_task_job._execute] Time since last heartbeat(0.02 s) < heartrate(5.0 s), sleeping for 4.976974 s
[2020-06-23 19:05:05,944] {logging_mixin.py:112} INFO - [2020-06-23 19:05:05,943] {local_task_job.py:124} DEBUG - Time since last heartbeat(0.02 s) < heartrate(5.0 s), sleeping for 4.976974 s
[2020-06-23 19:05:06,073] {logging_mixin.py:112} INFO - Updating scoreboards for 2019, week 8
[2020-06-23 19:05:06,762] {logging_mixin.py:112} INFO - Updating scoreboards for 2019, week 9
[2020-06-23 19:05:07,471] {logging_mixin.py:112} INFO - Updating scoreboards for 2019, week 10
[2020-06-23 19:05:08,133] {logging_mixin.py:112} INFO - Updating scoreboards for 2019, week 11
[2020-06-23 19:05:08,829] {logging_mixin.py:112} INFO - Updating scoreboards for 2019, week 12
[2020-06-23 19:05:09,461] {logging_mixin.py:112} INFO - Updating scoreboards for 2019, week 13
[2020-06-23 19:05:10,063] {logging_mixin.py:112} INFO - Updating scoreboards for 2019, week 14
[2020-06-23 19:05:10,495] {logging_mixin.py:112} INFO - Updating scoreboards for 2019, week 15
[2020-06-23 19:05:10,958] {logging_mixin.py:112} WARNING - [2020-06-23 19:05:10,958 DEBUG] [airflow.jobs.local_task_job.LocalTaskJob.base_job.heartbeat] [heartbeat]
[2020-06-23 19:05:10,959] {logging_mixin.py:112} INFO - [2020-06-23 19:05:10,958] {base_job.py:200} DEBUG - [heartbeat]
[2020-06-23 19:05:10,959] {logging_mixin.py:112} WARNING - [2020-06-23 19:05:10,959 DEBUG] [airflow.jobs.local_task_job.LocalTaskJob.local_task_job._execute] Time since last heartbeat(0.01 s) < heartrate(5.0 s), sleeping for 4.991214 s
[2020-06-23 19:05:10,959] {logging_mixin.py:112} INFO - [2020-06-23 19:05:10,959] {local_task_job.py:124} DEBUG - Time since last heartbeat(0.01 s) < heartrate(5.0 s), sleeping for 4.991214 s
[2020-06-23 19:05:11,157] {logging_mixin.py:112} INFO - Updating scoreboards for 2019, week 16
[2020-06-23 19:05:11,794] {python_operator.py:114} INFO - Done. Returned value was: None
[2020-06-23 19:05:11,796] {__init__.py:58} DEBUG - Backend: None, Lineage called with inlets: [], outlets: []
[2020-06-23 19:05:11,829] {taskinstance.py:1065} INFO - Marking task as SUCCESS.dag_id=fffl_update, task_id=update_scoreboards, execution_date=20200623T130000, start_date=20200624T020500, end_date=20200624T020511
[2020-06-23 19:05:15,952] {logging_mixin.py:112} WARNING - [2020-06-23 19:05:15,952 INFO] [airflow.jobs.local_task_job.LocalTaskJob.local_task_job._execute] Task exited with return code 0
[2020-06-23 19:05:15,952] {logging_mixin.py:112} INFO - [2020-06-23 19:05:15,952] {local_task_job.py:103} INFO - Task exited with return code 0
