[2020-06-23 18:57:35,130] {logging_mixin.py:112} WARNING - [2020-06-23 18:57:35,130 DEBUG] [airflow.task.task_runner.standard_task_runner.StandardTaskRunner.base_task_runner.__init__] Planning to run as the  user
[2020-06-23 18:57:35,130] {base_task_runner.py:61} DEBUG - Planning to run as the  user
[2020-06-23 18:57:35,144] {taskinstance.py:669} INFO - Dependencies all met for <TaskInstance: fffl_update.update_scoreboards 2020-06-23T02:00:00+00:00 [queued]>
[2020-06-23 18:57:35,159] {taskinstance.py:669} INFO - Dependencies all met for <TaskInstance: fffl_update.update_scoreboards 2020-06-23T02:00:00+00:00 [queued]>
[2020-06-23 18:57:35,160] {taskinstance.py:879} INFO - 
--------------------------------------------------------------------------------
[2020-06-23 18:57:35,160] {taskinstance.py:880} INFO - Starting attempt 1 of 2
[2020-06-23 18:57:35,160] {taskinstance.py:881} INFO - 
--------------------------------------------------------------------------------
[2020-06-23 18:57:35,176] {taskinstance.py:900} INFO - Executing <Task(PythonOperator): update_scoreboards> on 2020-06-23T02:00:00+00:00
[2020-06-23 18:57:35,214] {logging_mixin.py:112} WARNING - [2020-06-23 18:57:35,210 INFO] [airflow.task.task_runner.standard_task_runner.StandardTaskRunner.standard_task_runner._start_by_fork] Started process 20766 to run task
[2020-06-23 18:57:35,210] {standard_task_runner.py:53} INFO - Started process 20766 to run task
[2020-06-23 18:57:35,426] {logging_mixin.py:112} INFO - Running %s on host %s <TaskInstance: fffl_update.update_scoreboards 2020-06-23T02:00:00+00:00 [running]> DESKTOP-POQM5AD.localdomain
[2020-06-23 18:57:35,455] {__init__.py:97} DEBUG - Preparing lineage inlets and outlets
[2020-06-23 18:57:35,456] {__init__.py:133} DEBUG - inlets: [], outlets: []
[2020-06-23 18:57:35,472] {python_operator.py:105} DEBUG - Exporting the following env vars:
AIRFLOW_CTX_DAG_EMAIL=capeterson3@gmail.com
AIRFLOW_CTX_DAG_OWNER=airflow
AIRFLOW_CTX_DAG_ID=fffl_update
AIRFLOW_CTX_TASK_ID=update_scoreboards
AIRFLOW_CTX_EXECUTION_DATE=2020-06-23T02:00:00+00:00
AIRFLOW_CTX_DAG_RUN_ID=scheduled__2020-06-23T02:00:00+00:00
[2020-06-23 18:57:35,492] {logging_mixin.py:112} INFO - Updating scoreboards for 2019, week 1
[2020-06-23 18:57:36,431] {logging_mixin.py:112} INFO - Updating scoreboards for 2019, week 2
[2020-06-23 18:57:36,998] {logging_mixin.py:112} INFO - Updating scoreboards for 2019, week 3
[2020-06-23 18:57:37,741] {logging_mixin.py:112} INFO - Updating scoreboards for 2019, week 4
[2020-06-23 18:57:38,284] {logging_mixin.py:112} INFO - Updating scoreboards for 2019, week 5
[2020-06-23 18:57:38,876] {logging_mixin.py:112} INFO - Updating scoreboards for 2019, week 6
[2020-06-23 18:57:39,498] {logging_mixin.py:112} INFO - Updating scoreboards for 2019, week 7
[2020-06-23 18:57:40,081] {logging_mixin.py:112} INFO - Updating scoreboards for 2019, week 8
[2020-06-23 18:57:40,110] {logging_mixin.py:112} WARNING - [2020-06-23 18:57:40,110 DEBUG] [airflow.jobs.local_task_job.LocalTaskJob.base_job.heartbeat] [heartbeat]
[2020-06-23 18:57:40,111] {logging_mixin.py:112} INFO - [2020-06-23 18:57:40,110] {base_job.py:200} DEBUG - [heartbeat]
[2020-06-23 18:57:40,111] {logging_mixin.py:112} WARNING - [2020-06-23 18:57:40,111 DEBUG] [airflow.jobs.local_task_job.LocalTaskJob.local_task_job._execute] Time since last heartbeat(0.01 s) < heartrate(5.0 s), sleeping for 4.987655 s
[2020-06-23 18:57:40,112] {logging_mixin.py:112} INFO - [2020-06-23 18:57:40,111] {local_task_job.py:124} DEBUG - Time since last heartbeat(0.01 s) < heartrate(5.0 s), sleeping for 4.987655 s
[2020-06-23 18:57:40,606] {logging_mixin.py:112} INFO - Updating scoreboards for 2019, week 9
[2020-06-23 18:57:41,206] {logging_mixin.py:112} INFO - Updating scoreboards for 2019, week 10
[2020-06-23 18:57:41,913] {logging_mixin.py:112} INFO - Updating scoreboards for 2019, week 11
[2020-06-23 18:57:42,579] {logging_mixin.py:112} INFO - Updating scoreboards for 2019, week 12
[2020-06-23 18:57:43,136] {logging_mixin.py:112} INFO - Updating scoreboards for 2019, week 13
[2020-06-23 18:57:43,724] {logging_mixin.py:112} INFO - Updating scoreboards for 2019, week 14
[2020-06-23 18:57:44,279] {logging_mixin.py:112} INFO - Updating scoreboards for 2019, week 15
[2020-06-23 18:57:44,817] {logging_mixin.py:112} INFO - Updating scoreboards for 2019, week 16
[2020-06-23 18:57:45,159] {logging_mixin.py:112} WARNING - [2020-06-23 18:57:45,159 DEBUG] [airflow.jobs.local_task_job.LocalTaskJob.base_job.heartbeat] [heartbeat]
[2020-06-23 18:57:45,160] {logging_mixin.py:112} INFO - [2020-06-23 18:57:45,159] {base_job.py:200} DEBUG - [heartbeat]
[2020-06-23 18:57:45,161] {logging_mixin.py:112} WARNING - [2020-06-23 18:57:45,161 DEBUG] [airflow.jobs.local_task_job.LocalTaskJob.local_task_job._execute] Time since last heartbeat(0.01 s) < heartrate(5.0 s), sleeping for 4.985604 s
[2020-06-23 18:57:45,161] {logging_mixin.py:112} INFO - [2020-06-23 18:57:45,161] {local_task_job.py:124} DEBUG - Time since last heartbeat(0.01 s) < heartrate(5.0 s), sleeping for 4.985604 s
[2020-06-23 18:57:45,406] {python_operator.py:114} INFO - Done. Returned value was: None
[2020-06-23 18:57:45,408] {__init__.py:58} DEBUG - Backend: None, Lineage called with inlets: [], outlets: []
[2020-06-23 18:57:45,432] {taskinstance.py:1065} INFO - Marking task as SUCCESS.dag_id=fffl_update, task_id=update_scoreboards, execution_date=20200623T020000, start_date=20200624T015735, end_date=20200624T015745
[2020-06-23 18:57:50,147] {logging_mixin.py:112} WARNING - [2020-06-23 18:57:50,147 INFO] [airflow.jobs.local_task_job.LocalTaskJob.local_task_job._execute] Task exited with return code 0
[2020-06-23 18:57:50,148] {logging_mixin.py:112} INFO - [2020-06-23 18:57:50,147] {local_task_job.py:103} INFO - Task exited with return code 0
