[2020-06-23 19:00:15,975] {logging_mixin.py:112} WARNING - [2020-06-23 19:00:15,974 DEBUG] [airflow.task.task_runner.standard_task_runner.StandardTaskRunner.base_task_runner.__init__] Planning to run as the  user
[2020-06-23 19:00:15,974] {base_task_runner.py:61} DEBUG - Planning to run as the  user
[2020-06-23 19:00:15,986] {taskinstance.py:669} INFO - Dependencies all met for <TaskInstance: fffl_update.update_scoreboards 2020-06-23T06:00:00+00:00 [queued]>
[2020-06-23 19:00:16,000] {taskinstance.py:669} INFO - Dependencies all met for <TaskInstance: fffl_update.update_scoreboards 2020-06-23T06:00:00+00:00 [queued]>
[2020-06-23 19:00:16,001] {taskinstance.py:879} INFO - 
--------------------------------------------------------------------------------
[2020-06-23 19:00:16,001] {taskinstance.py:880} INFO - Starting attempt 1 of 2
[2020-06-23 19:00:16,001] {taskinstance.py:881} INFO - 
--------------------------------------------------------------------------------
[2020-06-23 19:00:16,018] {taskinstance.py:900} INFO - Executing <Task(PythonOperator): update_scoreboards> on 2020-06-23T06:00:00+00:00
[2020-06-23 19:00:16,053] {logging_mixin.py:112} WARNING - [2020-06-23 19:00:16,049 INFO] [airflow.task.task_runner.standard_task_runner.StandardTaskRunner.standard_task_runner._start_by_fork] Started process 20944 to run task
[2020-06-23 19:00:16,049] {standard_task_runner.py:53} INFO - Started process 20944 to run task
[2020-06-23 19:00:16,236] {logging_mixin.py:112} INFO - Running %s on host %s <TaskInstance: fffl_update.update_scoreboards 2020-06-23T06:00:00+00:00 [running]> DESKTOP-POQM5AD.localdomain
[2020-06-23 19:00:16,263] {__init__.py:97} DEBUG - Preparing lineage inlets and outlets
[2020-06-23 19:00:16,264] {__init__.py:133} DEBUG - inlets: [], outlets: []
[2020-06-23 19:00:16,266] {python_operator.py:105} DEBUG - Exporting the following env vars:
AIRFLOW_CTX_DAG_EMAIL=capeterson3@gmail.com
AIRFLOW_CTX_DAG_OWNER=airflow
AIRFLOW_CTX_DAG_ID=fffl_update
AIRFLOW_CTX_TASK_ID=update_scoreboards
AIRFLOW_CTX_EXECUTION_DATE=2020-06-23T06:00:00+00:00
AIRFLOW_CTX_DAG_RUN_ID=scheduled__2020-06-23T06:00:00+00:00
[2020-06-23 19:00:16,287] {logging_mixin.py:112} INFO - Updating scoreboards for 2019, week 1
[2020-06-23 19:00:17,069] {logging_mixin.py:112} INFO - Updating scoreboards for 2019, week 2
[2020-06-23 19:00:17,777] {logging_mixin.py:112} INFO - Updating scoreboards for 2019, week 3
[2020-06-23 19:00:18,729] {logging_mixin.py:112} INFO - Updating scoreboards for 2019, week 4
[2020-06-23 19:00:19,206] {logging_mixin.py:112} INFO - Updating scoreboards for 2019, week 5
[2020-06-23 19:00:19,948] {logging_mixin.py:112} INFO - Updating scoreboards for 2019, week 6
[2020-06-23 19:00:20,524] {logging_mixin.py:112} INFO - Updating scoreboards for 2019, week 7
[2020-06-23 19:00:20,977] {logging_mixin.py:112} WARNING - [2020-06-23 19:00:20,976 DEBUG] [airflow.jobs.local_task_job.LocalTaskJob.base_job.heartbeat] [heartbeat]
[2020-06-23 19:00:20,978] {logging_mixin.py:112} INFO - [2020-06-23 19:00:20,976] {base_job.py:200} DEBUG - [heartbeat]
[2020-06-23 19:00:20,979] {logging_mixin.py:112} WARNING - [2020-06-23 19:00:20,979 DEBUG] [airflow.jobs.local_task_job.LocalTaskJob.local_task_job._execute] Time since last heartbeat(0.02 s) < heartrate(5.0 s), sleeping for 4.975317 s
[2020-06-23 19:00:20,980] {logging_mixin.py:112} INFO - [2020-06-23 19:00:20,979] {local_task_job.py:124} DEBUG - Time since last heartbeat(0.02 s) < heartrate(5.0 s), sleeping for 4.975317 s
[2020-06-23 19:00:21,290] {logging_mixin.py:112} INFO - Updating scoreboards for 2019, week 8
[2020-06-23 19:00:21,801] {logging_mixin.py:112} INFO - Updating scoreboards for 2019, week 9
[2020-06-23 19:00:22,405] {logging_mixin.py:112} INFO - Updating scoreboards for 2019, week 10
[2020-06-23 19:00:23,026] {logging_mixin.py:112} INFO - Updating scoreboards for 2019, week 11
[2020-06-23 19:00:23,744] {logging_mixin.py:112} INFO - Updating scoreboards for 2019, week 12
[2020-06-23 19:00:24,445] {logging_mixin.py:112} INFO - Updating scoreboards for 2019, week 13
[2020-06-23 19:00:25,041] {logging_mixin.py:112} INFO - Updating scoreboards for 2019, week 14
[2020-06-23 19:00:25,555] {logging_mixin.py:112} INFO - Updating scoreboards for 2019, week 15
[2020-06-23 19:00:26,029] {logging_mixin.py:112} WARNING - [2020-06-23 19:00:26,029 DEBUG] [airflow.jobs.local_task_job.LocalTaskJob.base_job.heartbeat] [heartbeat]
[2020-06-23 19:00:26,029] {logging_mixin.py:112} INFO - [2020-06-23 19:00:26,029] {base_job.py:200} DEBUG - [heartbeat]
[2020-06-23 19:00:26,030] {logging_mixin.py:112} WARNING - [2020-06-23 19:00:26,030 DEBUG] [airflow.jobs.local_task_job.LocalTaskJob.local_task_job._execute] Time since last heartbeat(0.02 s) < heartrate(5.0 s), sleeping for 4.982583 s
[2020-06-23 19:00:26,031] {logging_mixin.py:112} INFO - [2020-06-23 19:00:26,030] {local_task_job.py:124} DEBUG - Time since last heartbeat(0.02 s) < heartrate(5.0 s), sleeping for 4.982583 s
[2020-06-23 19:00:26,304] {logging_mixin.py:112} INFO - Updating scoreboards for 2019, week 16
[2020-06-23 19:00:26,864] {python_operator.py:114} INFO - Done. Returned value was: None
[2020-06-23 19:00:26,869] {__init__.py:58} DEBUG - Backend: None, Lineage called with inlets: [], outlets: []
[2020-06-23 19:00:26,910] {taskinstance.py:1065} INFO - Marking task as SUCCESS.dag_id=fffl_update, task_id=update_scoreboards, execution_date=20200623T060000, start_date=20200624T020015, end_date=20200624T020026
[2020-06-23 19:00:31,015] {logging_mixin.py:112} WARNING - [2020-06-23 19:00:31,015 INFO] [airflow.jobs.local_task_job.LocalTaskJob.local_task_job._execute] Task exited with return code 0
[2020-06-23 19:00:31,015] {logging_mixin.py:112} INFO - [2020-06-23 19:00:31,015] {local_task_job.py:103} INFO - Task exited with return code 0
