[2020-06-23 19:00:56,102] {logging_mixin.py:112} WARNING - [2020-06-23 19:00:56,101 DEBUG] [airflow.task.task_runner.standard_task_runner.StandardTaskRunner.base_task_runner.__init__] Planning to run as the  user
[2020-06-23 19:00:56,101] {base_task_runner.py:61} DEBUG - Planning to run as the  user
[2020-06-23 19:00:56,113] {taskinstance.py:669} INFO - Dependencies all met for <TaskInstance: fffl_update.update_scoreboards 2020-06-23T07:00:00+00:00 [queued]>
[2020-06-23 19:00:56,129] {taskinstance.py:669} INFO - Dependencies all met for <TaskInstance: fffl_update.update_scoreboards 2020-06-23T07:00:00+00:00 [queued]>
[2020-06-23 19:00:56,129] {taskinstance.py:879} INFO - 
--------------------------------------------------------------------------------
[2020-06-23 19:00:56,130] {taskinstance.py:880} INFO - Starting attempt 1 of 2
[2020-06-23 19:00:56,130] {taskinstance.py:881} INFO - 
--------------------------------------------------------------------------------
[2020-06-23 19:00:56,144] {taskinstance.py:900} INFO - Executing <Task(PythonOperator): update_scoreboards> on 2020-06-23T07:00:00+00:00
[2020-06-23 19:00:56,184] {logging_mixin.py:112} WARNING - [2020-06-23 19:00:56,178 INFO] [airflow.task.task_runner.standard_task_runner.StandardTaskRunner.standard_task_runner._start_by_fork] Started process 20966 to run task
[2020-06-23 19:00:56,178] {standard_task_runner.py:53} INFO - Started process 20966 to run task
[2020-06-23 19:00:56,405] {logging_mixin.py:112} INFO - Running %s on host %s <TaskInstance: fffl_update.update_scoreboards 2020-06-23T07:00:00+00:00 [running]> DESKTOP-POQM5AD.localdomain
[2020-06-23 19:00:56,437] {__init__.py:97} DEBUG - Preparing lineage inlets and outlets
[2020-06-23 19:00:56,438] {__init__.py:133} DEBUG - inlets: [], outlets: []
[2020-06-23 19:00:56,451] {python_operator.py:105} DEBUG - Exporting the following env vars:
AIRFLOW_CTX_DAG_EMAIL=capeterson3@gmail.com
AIRFLOW_CTX_DAG_OWNER=airflow
AIRFLOW_CTX_DAG_ID=fffl_update
AIRFLOW_CTX_TASK_ID=update_scoreboards
AIRFLOW_CTX_EXECUTION_DATE=2020-06-23T07:00:00+00:00
AIRFLOW_CTX_DAG_RUN_ID=scheduled__2020-06-23T07:00:00+00:00
[2020-06-23 19:00:56,467] {logging_mixin.py:112} INFO - Updating scoreboards for 2019, week 1
[2020-06-23 19:00:57,337] {logging_mixin.py:112} INFO - Updating scoreboards for 2019, week 2
[2020-06-23 19:00:58,056] {logging_mixin.py:112} INFO - Updating scoreboards for 2019, week 3
[2020-06-23 19:00:58,760] {logging_mixin.py:112} INFO - Updating scoreboards for 2019, week 4
[2020-06-23 19:00:59,795] {logging_mixin.py:112} INFO - Updating scoreboards for 2019, week 5
[2020-06-23 19:01:00,440] {logging_mixin.py:112} INFO - Updating scoreboards for 2019, week 6
[2020-06-23 19:01:01,142] {logging_mixin.py:112} WARNING - [2020-06-23 19:01:01,142 DEBUG] [airflow.jobs.local_task_job.LocalTaskJob.base_job.heartbeat] [heartbeat]
[2020-06-23 19:01:01,143] {logging_mixin.py:112} INFO - [2020-06-23 19:01:01,142] {base_job.py:200} DEBUG - [heartbeat]
[2020-06-23 19:01:01,143] {logging_mixin.py:112} WARNING - [2020-06-23 19:01:01,143 DEBUG] [airflow.jobs.local_task_job.LocalTaskJob.local_task_job._execute] Time since last heartbeat(0.03 s) < heartrate(5.0 s), sleeping for 4.974507 s
[2020-06-23 19:01:01,143] {logging_mixin.py:112} INFO - [2020-06-23 19:01:01,143] {local_task_job.py:124} DEBUG - Time since last heartbeat(0.03 s) < heartrate(5.0 s), sleeping for 4.974507 s
[2020-06-23 19:01:01,269] {logging_mixin.py:112} INFO - Updating scoreboards for 2019, week 7
[2020-06-23 19:01:01,890] {logging_mixin.py:112} INFO - Updating scoreboards for 2019, week 8
[2020-06-23 19:01:02,585] {logging_mixin.py:112} INFO - Updating scoreboards for 2019, week 9
[2020-06-23 19:01:03,127] {logging_mixin.py:112} INFO - Updating scoreboards for 2019, week 10
[2020-06-23 19:01:03,787] {logging_mixin.py:112} INFO - Updating scoreboards for 2019, week 11
[2020-06-23 19:01:04,472] {logging_mixin.py:112} INFO - Updating scoreboards for 2019, week 12
[2020-06-23 19:01:05,116] {logging_mixin.py:112} INFO - Updating scoreboards for 2019, week 13
[2020-06-23 19:01:05,840] {logging_mixin.py:112} INFO - Updating scoreboards for 2019, week 14
[2020-06-23 19:01:06,175] {logging_mixin.py:112} WARNING - [2020-06-23 19:01:06,175 DEBUG] [airflow.jobs.local_task_job.LocalTaskJob.base_job.heartbeat] [heartbeat]
[2020-06-23 19:01:06,176] {logging_mixin.py:112} INFO - [2020-06-23 19:01:06,175] {base_job.py:200} DEBUG - [heartbeat]
[2020-06-23 19:01:06,176] {logging_mixin.py:112} WARNING - [2020-06-23 19:01:06,176 DEBUG] [airflow.jobs.local_task_job.LocalTaskJob.local_task_job._execute] Time since last heartbeat(0.01 s) < heartrate(5.0 s), sleeping for 4.986596 s
[2020-06-23 19:01:06,177] {logging_mixin.py:112} INFO - [2020-06-23 19:01:06,176] {local_task_job.py:124} DEBUG - Time since last heartbeat(0.01 s) < heartrate(5.0 s), sleeping for 4.986596 s
[2020-06-23 19:01:06,529] {logging_mixin.py:112} INFO - Updating scoreboards for 2019, week 15
[2020-06-23 19:01:07,264] {logging_mixin.py:112} INFO - Updating scoreboards for 2019, week 16
[2020-06-23 19:01:07,804] {python_operator.py:114} INFO - Done. Returned value was: None
[2020-06-23 19:01:07,809] {__init__.py:58} DEBUG - Backend: None, Lineage called with inlets: [], outlets: []
[2020-06-23 19:01:07,845] {taskinstance.py:1065} INFO - Marking task as SUCCESS.dag_id=fffl_update, task_id=update_scoreboards, execution_date=20200623T070000, start_date=20200624T020056, end_date=20200624T020107
[2020-06-23 19:01:11,166] {logging_mixin.py:112} WARNING - [2020-06-23 19:01:11,165 INFO] [airflow.jobs.local_task_job.LocalTaskJob.local_task_job._execute] Task exited with return code 0
[2020-06-23 19:01:11,167] {logging_mixin.py:112} INFO - [2020-06-23 19:01:11,165] {local_task_job.py:103} INFO - Task exited with return code 0
