[2020-06-23 20:19:37,952] {logging_mixin.py:112} WARNING - [2020-06-23 20:19:37,951 DEBUG] [airflow.task.task_runner.standard_task_runner.StandardTaskRunner.base_task_runner.__init__] Planning to run as the  user
[2020-06-23 20:19:37,951] {base_task_runner.py:61} DEBUG - Planning to run as the  user
[2020-06-23 20:19:37,967] {taskinstance.py:669} INFO - Dependencies all met for <TaskInstance: fffl_update.update_scoreboards 2020-06-23T21:00:00+00:00 [queued]>
[2020-06-23 20:19:37,988] {taskinstance.py:669} INFO - Dependencies all met for <TaskInstance: fffl_update.update_scoreboards 2020-06-23T21:00:00+00:00 [queued]>
[2020-06-23 20:19:37,988] {taskinstance.py:879} INFO - 
--------------------------------------------------------------------------------
[2020-06-23 20:19:37,989] {taskinstance.py:880} INFO - Starting attempt 1 of 2
[2020-06-23 20:19:37,989] {taskinstance.py:881} INFO - 
--------------------------------------------------------------------------------
[2020-06-23 20:19:38,009] {taskinstance.py:900} INFO - Executing <Task(PythonOperator): update_scoreboards> on 2020-06-23T21:00:00+00:00
[2020-06-23 20:19:38,053] {logging_mixin.py:112} WARNING - [2020-06-23 20:19:38,050 INFO] [airflow.task.task_runner.standard_task_runner.StandardTaskRunner.standard_task_runner._start_by_fork] Started process 23812 to run task
[2020-06-23 20:19:38,050] {standard_task_runner.py:53} INFO - Started process 23812 to run task
[2020-06-23 20:19:38,246] {logging_mixin.py:112} INFO - Running %s on host %s <TaskInstance: fffl_update.update_scoreboards 2020-06-23T21:00:00+00:00 [running]> DESKTOP-POQM5AD.localdomain
[2020-06-23 20:19:38,268] {__init__.py:97} DEBUG - Preparing lineage inlets and outlets
[2020-06-23 20:19:38,269] {__init__.py:133} DEBUG - inlets: [], outlets: []
[2020-06-23 20:19:38,282] {python_operator.py:105} DEBUG - Exporting the following env vars:
AIRFLOW_CTX_DAG_EMAIL=capeterson3@gmail.com
AIRFLOW_CTX_DAG_OWNER=airflow
AIRFLOW_CTX_DAG_ID=fffl_update
AIRFLOW_CTX_TASK_ID=update_scoreboards
AIRFLOW_CTX_EXECUTION_DATE=2020-06-23T21:00:00+00:00
AIRFLOW_CTX_DAG_RUN_ID=scheduled__2020-06-23T21:00:00+00:00
[2020-06-23 20:19:38,303] {logging_mixin.py:112} INFO - Updating scoreboards for 2019, week 1
[2020-06-23 20:19:39,447] {logging_mixin.py:112} INFO - Updating scoreboards for 2019, week 2
[2020-06-23 20:19:39,939] {logging_mixin.py:112} INFO - Updating scoreboards for 2019, week 3
[2020-06-23 20:19:40,402] {logging_mixin.py:112} INFO - Updating scoreboards for 2019, week 4
[2020-06-23 20:19:40,961] {logging_mixin.py:112} INFO - Updating scoreboards for 2019, week 5
[2020-06-23 20:19:41,498] {logging_mixin.py:112} INFO - Updating scoreboards for 2019, week 6
[2020-06-23 20:19:42,025] {logging_mixin.py:112} INFO - Updating scoreboards for 2019, week 7
[2020-06-23 20:19:42,635] {logging_mixin.py:112} INFO - Updating scoreboards for 2019, week 8
[2020-06-23 20:19:42,948] {logging_mixin.py:112} WARNING - [2020-06-23 20:19:42,948 DEBUG] [airflow.jobs.local_task_job.LocalTaskJob.base_job.heartbeat] [heartbeat]
[2020-06-23 20:19:42,949] {logging_mixin.py:112} INFO - [2020-06-23 20:19:42,948] {base_job.py:200} DEBUG - [heartbeat]
[2020-06-23 20:19:42,950] {logging_mixin.py:112} WARNING - [2020-06-23 20:19:42,950 DEBUG] [airflow.jobs.local_task_job.LocalTaskJob.local_task_job._execute] Time since last heartbeat(0.02 s) < heartrate(5.0 s), sleeping for 4.978491 s
[2020-06-23 20:19:42,951] {logging_mixin.py:112} INFO - [2020-06-23 20:19:42,950] {local_task_job.py:124} DEBUG - Time since last heartbeat(0.02 s) < heartrate(5.0 s), sleeping for 4.978491 s
[2020-06-23 20:19:43,524] {logging_mixin.py:112} INFO - Updating scoreboards for 2019, week 9
[2020-06-23 20:19:44,046] {logging_mixin.py:112} INFO - Updating scoreboards for 2019, week 10
[2020-06-23 20:19:44,681] {logging_mixin.py:112} INFO - Updating scoreboards for 2019, week 11
[2020-06-23 20:19:45,291] {logging_mixin.py:112} INFO - Updating scoreboards for 2019, week 12
[2020-06-23 20:19:45,870] {logging_mixin.py:112} INFO - Updating scoreboards for 2019, week 13
[2020-06-23 20:19:46,466] {logging_mixin.py:112} INFO - Updating scoreboards for 2019, week 14
[2020-06-23 20:19:46,972] {logging_mixin.py:112} INFO - Updating scoreboards for 2019, week 15
[2020-06-23 20:19:47,464] {logging_mixin.py:112} INFO - Updating scoreboards for 2019, week 16
[2020-06-23 20:19:48,003] {logging_mixin.py:112} WARNING - [2020-06-23 20:19:48,003 DEBUG] [airflow.jobs.local_task_job.LocalTaskJob.base_job.heartbeat] [heartbeat]
[2020-06-23 20:19:48,004] {logging_mixin.py:112} INFO - [2020-06-23 20:19:48,003] {base_job.py:200} DEBUG - [heartbeat]
[2020-06-23 20:19:48,005] {logging_mixin.py:112} WARNING - [2020-06-23 20:19:48,004 DEBUG] [airflow.jobs.local_task_job.LocalTaskJob.local_task_job._execute] Time since last heartbeat(0.02 s) < heartrate(5.0 s), sleeping for 4.982099 s
[2020-06-23 20:19:48,006] {logging_mixin.py:112} INFO - [2020-06-23 20:19:48,004] {local_task_job.py:124} DEBUG - Time since last heartbeat(0.02 s) < heartrate(5.0 s), sleeping for 4.982099 s
[2020-06-23 20:19:48,090] {python_operator.py:114} INFO - Done. Returned value was: None
[2020-06-23 20:19:48,095] {__init__.py:58} DEBUG - Backend: None, Lineage called with inlets: [], outlets: []
[2020-06-23 20:19:48,129] {taskinstance.py:1065} INFO - Marking task as SUCCESS.dag_id=fffl_update, task_id=update_scoreboards, execution_date=20200623T210000, start_date=20200624T031937, end_date=20200624T031948
[2020-06-23 20:19:52,990] {logging_mixin.py:112} WARNING - [2020-06-23 20:19:52,989 INFO] [airflow.jobs.local_task_job.LocalTaskJob.local_task_job._execute] Task exited with return code 0
[2020-06-23 20:19:52,990] {logging_mixin.py:112} INFO - [2020-06-23 20:19:52,989] {local_task_job.py:103} INFO - Task exited with return code 0
