[2020-06-23 19:07:02,200] {logging_mixin.py:112} WARNING - [2020-06-23 19:07:02,199 DEBUG] [airflow.task.task_runner.standard_task_runner.StandardTaskRunner.base_task_runner.__init__] Planning to run as the  user
[2020-06-23 19:07:02,199] {base_task_runner.py:61} DEBUG - Planning to run as the  user
[2020-06-23 19:07:02,217] {taskinstance.py:669} INFO - Dependencies all met for <TaskInstance: fffl_update.update_scoreboards 2020-06-23T16:00:00+00:00 [queued]>
[2020-06-23 19:07:02,237] {taskinstance.py:669} INFO - Dependencies all met for <TaskInstance: fffl_update.update_scoreboards 2020-06-23T16:00:00+00:00 [queued]>
[2020-06-23 19:07:02,238] {taskinstance.py:879} INFO - 
--------------------------------------------------------------------------------
[2020-06-23 19:07:02,238] {taskinstance.py:880} INFO - Starting attempt 1 of 2
[2020-06-23 19:07:02,238] {taskinstance.py:881} INFO - 
--------------------------------------------------------------------------------
[2020-06-23 19:07:02,257] {taskinstance.py:900} INFO - Executing <Task(PythonOperator): update_scoreboards> on 2020-06-23T16:00:00+00:00
[2020-06-23 19:07:02,300] {logging_mixin.py:112} WARNING - [2020-06-23 19:07:02,295 INFO] [airflow.task.task_runner.standard_task_runner.StandardTaskRunner.standard_task_runner._start_by_fork] Started process 21276 to run task
[2020-06-23 19:07:02,295] {standard_task_runner.py:53} INFO - Started process 21276 to run task
[2020-06-23 19:07:02,524] {logging_mixin.py:112} INFO - Running %s on host %s <TaskInstance: fffl_update.update_scoreboards 2020-06-23T16:00:00+00:00 [running]> DESKTOP-POQM5AD.localdomain
[2020-06-23 19:07:02,572] {__init__.py:97} DEBUG - Preparing lineage inlets and outlets
[2020-06-23 19:07:02,573] {__init__.py:133} DEBUG - inlets: [], outlets: []
[2020-06-23 19:07:02,574] {python_operator.py:105} DEBUG - Exporting the following env vars:
AIRFLOW_CTX_DAG_EMAIL=capeterson3@gmail.com
AIRFLOW_CTX_DAG_OWNER=airflow
AIRFLOW_CTX_DAG_ID=fffl_update
AIRFLOW_CTX_TASK_ID=update_scoreboards
AIRFLOW_CTX_EXECUTION_DATE=2020-06-23T16:00:00+00:00
AIRFLOW_CTX_DAG_RUN_ID=scheduled__2020-06-23T16:00:00+00:00
[2020-06-23 19:07:02,597] {logging_mixin.py:112} INFO - Updating scoreboards for 2019, week 1
[2020-06-23 19:07:03,315] {logging_mixin.py:112} INFO - Updating scoreboards for 2019, week 2
[2020-06-23 19:07:03,905] {logging_mixin.py:112} INFO - Updating scoreboards for 2019, week 3
[2020-06-23 19:07:04,617] {logging_mixin.py:112} INFO - Updating scoreboards for 2019, week 4
[2020-06-23 19:07:05,439] {logging_mixin.py:112} INFO - Updating scoreboards for 2019, week 5
[2020-06-23 19:07:06,181] {logging_mixin.py:112} INFO - Updating scoreboards for 2019, week 6
[2020-06-23 19:07:06,783] {logging_mixin.py:112} INFO - Updating scoreboards for 2019, week 7
[2020-06-23 19:07:07,386] {logging_mixin.py:112} INFO - Updating scoreboards for 2019, week 8
[2020-06-23 19:07:08,077] {logging_mixin.py:112} INFO - Updating scoreboards for 2019, week 9
[2020-06-23 19:07:08,722] {logging_mixin.py:112} INFO - Updating scoreboards for 2019, week 10
[2020-06-23 19:07:09,451] {logging_mixin.py:112} INFO - Updating scoreboards for 2019, week 11
[2020-06-23 19:07:10,163] {logging_mixin.py:112} INFO - Updating scoreboards for 2019, week 12
[2020-06-23 19:07:10,781] {logging_mixin.py:112} INFO - Updating scoreboards for 2019, week 13
[2020-06-23 19:07:11,383] {logging_mixin.py:112} INFO - Updating scoreboards for 2019, week 14
[2020-06-23 19:07:11,826] {logging_mixin.py:112} INFO - Updating scoreboards for 2019, week 15
[2020-06-23 19:07:12,397] {logging_mixin.py:112} INFO - Updating scoreboards for 2019, week 16
[2020-06-23 19:07:13,015] {python_operator.py:114} INFO - Done. Returned value was: None
[2020-06-23 19:07:13,017] {__init__.py:58} DEBUG - Backend: None, Lineage called with inlets: [], outlets: []
[2020-06-23 19:07:13,047] {taskinstance.py:1065} INFO - Marking task as SUCCESS.dag_id=fffl_update, task_id=update_scoreboards, execution_date=20200623T160000, start_date=20200624T020702, end_date=20200624T020713
