[2020-06-22 21:58:23,508] {logging_mixin.py:112} WARNING - [2020-06-22 21:58:23,508 DEBUG] [airflow.task.task_runner.standard_task_runner.StandardTaskRunner.base_task_runner.__init__] Planning to run as the  user
[2020-06-22 21:58:23,508] {base_task_runner.py:61} DEBUG - Planning to run as the  user
[2020-06-22 21:58:23,520] {taskinstance.py:669} INFO - Dependencies all met for <TaskInstance: fffl_update.update_scoreboards 2020-06-22T00:00:00+00:00 [queued]>
[2020-06-22 21:58:23,537] {taskinstance.py:669} INFO - Dependencies all met for <TaskInstance: fffl_update.update_scoreboards 2020-06-22T00:00:00+00:00 [queued]>
[2020-06-22 21:58:23,538] {taskinstance.py:879} INFO - 
--------------------------------------------------------------------------------
[2020-06-22 21:58:23,538] {taskinstance.py:880} INFO - Starting attempt 1 of 2
[2020-06-22 21:58:23,539] {taskinstance.py:881} INFO - 
--------------------------------------------------------------------------------
[2020-06-22 21:58:23,557] {taskinstance.py:900} INFO - Executing <Task(PythonOperator): update_scoreboards> on 2020-06-22T00:00:00+00:00
[2020-06-22 21:58:23,596] {logging_mixin.py:112} WARNING - [2020-06-22 21:58:23,592 INFO] [airflow.task.task_runner.standard_task_runner.StandardTaskRunner.standard_task_runner._start_by_fork] Started process 20335 to run task
[2020-06-22 21:58:23,592] {standard_task_runner.py:53} INFO - Started process 20335 to run task
[2020-06-22 21:58:23,824] {logging_mixin.py:112} INFO - Running %s on host %s <TaskInstance: fffl_update.update_scoreboards 2020-06-22T00:00:00+00:00 [running]> DESKTOP-POQM5AD.localdomain
[2020-06-22 21:58:23,856] {__init__.py:97} DEBUG - Preparing lineage inlets and outlets
[2020-06-22 21:58:23,858] {__init__.py:133} DEBUG - inlets: [], outlets: []
[2020-06-22 21:58:23,877] {python_operator.py:105} DEBUG - Exporting the following env vars:
AIRFLOW_CTX_DAG_EMAIL=capeterson3@gmail.com
AIRFLOW_CTX_DAG_OWNER=airflow
AIRFLOW_CTX_DAG_ID=fffl_update
AIRFLOW_CTX_TASK_ID=update_scoreboards
AIRFLOW_CTX_EXECUTION_DATE=2020-06-22T00:00:00+00:00
AIRFLOW_CTX_DAG_RUN_ID=scheduled__2020-06-22T00:00:00+00:00
[2020-06-22 21:58:23,887] {logging_mixin.py:112} INFO - Updating scoreboards for 2019, week 1
[2020-06-22 21:58:25,091] {logging_mixin.py:112} INFO - Updating scoreboards for 2019, week 2
[2020-06-22 21:58:26,030] {logging_mixin.py:112} INFO - Updating scoreboards for 2019, week 3
[2020-06-22 21:58:26,613] {logging_mixin.py:112} INFO - Updating scoreboards for 2019, week 4
[2020-06-22 21:58:27,476] {logging_mixin.py:112} INFO - Updating scoreboards for 2019, week 5
[2020-06-22 21:58:27,996] {logging_mixin.py:112} INFO - Updating scoreboards for 2019, week 6
[2020-06-22 21:58:28,473] {logging_mixin.py:112} WARNING - [2020-06-22 21:58:28,473 DEBUG] [airflow.jobs.local_task_job.LocalTaskJob.base_job.heartbeat] [heartbeat]
[2020-06-22 21:58:28,474] {logging_mixin.py:112} INFO - [2020-06-22 21:58:28,473] {base_job.py:200} DEBUG - [heartbeat]
[2020-06-22 21:58:28,474] {logging_mixin.py:112} WARNING - [2020-06-22 21:58:28,474 DEBUG] [airflow.jobs.local_task_job.LocalTaskJob.local_task_job._execute] Time since last heartbeat(0.01 s) < heartrate(5.0 s), sleeping for 4.988542 s
[2020-06-22 21:58:28,474] {logging_mixin.py:112} INFO - [2020-06-22 21:58:28,474] {local_task_job.py:124} DEBUG - Time since last heartbeat(0.01 s) < heartrate(5.0 s), sleeping for 4.988542 s
[2020-06-22 21:58:28,756] {logging_mixin.py:112} INFO - Updating scoreboards for 2019, week 7
[2020-06-22 21:58:29,548] {logging_mixin.py:112} INFO - Updating scoreboards for 2019, week 8
[2020-06-22 21:58:30,419] {logging_mixin.py:112} INFO - Updating scoreboards for 2019, week 9
[2020-06-22 21:58:31,224] {logging_mixin.py:112} INFO - Updating scoreboards for 2019, week 10
[2020-06-22 21:58:31,879] {logging_mixin.py:112} INFO - Updating scoreboards for 2019, week 11
[2020-06-22 21:58:32,753] {logging_mixin.py:112} INFO - Updating scoreboards for 2019, week 12
[2020-06-22 21:58:33,506] {logging_mixin.py:112} WARNING - [2020-06-22 21:58:33,506 DEBUG] [airflow.jobs.local_task_job.LocalTaskJob.base_job.heartbeat] [heartbeat]
[2020-06-22 21:58:33,507] {logging_mixin.py:112} INFO - [2020-06-22 21:58:33,506] {base_job.py:200} DEBUG - [heartbeat]
[2020-06-22 21:58:33,507] {logging_mixin.py:112} WARNING - [2020-06-22 21:58:33,507 DEBUG] [airflow.jobs.local_task_job.LocalTaskJob.local_task_job._execute] Time since last heartbeat(0.01 s) < heartrate(5.0 s), sleeping for 4.990719 s
[2020-06-22 21:58:33,507] {logging_mixin.py:112} INFO - [2020-06-22 21:58:33,507] {local_task_job.py:124} DEBUG - Time since last heartbeat(0.01 s) < heartrate(5.0 s), sleeping for 4.990719 s
[2020-06-22 21:58:33,540] {logging_mixin.py:112} INFO - Updating scoreboards for 2019, week 13
[2020-06-22 21:58:34,445] {logging_mixin.py:112} INFO - Updating scoreboards for 2019, week 14
[2020-06-22 21:58:34,885] {logging_mixin.py:112} INFO - Updating scoreboards for 2019, week 15
[2020-06-22 21:58:35,426] {logging_mixin.py:112} INFO - Updating scoreboards for 2019, week 16
[2020-06-22 21:58:36,030] {python_operator.py:114} INFO - Done. Returned value was: None
[2020-06-22 21:58:36,032] {__init__.py:58} DEBUG - Backend: None, Lineage called with inlets: [], outlets: []
[2020-06-22 21:58:36,063] {taskinstance.py:1065} INFO - Marking task as SUCCESS.dag_id=fffl_update, task_id=update_scoreboards, execution_date=20200622T000000, start_date=20200623T045823, end_date=20200623T045836
[2020-06-22 21:58:38,499] {logging_mixin.py:112} WARNING - [2020-06-22 21:58:38,499 INFO] [airflow.jobs.local_task_job.LocalTaskJob.local_task_job._execute] Task exited with return code 0
[2020-06-22 21:58:38,500] {logging_mixin.py:112} INFO - [2020-06-22 21:58:38,499] {local_task_job.py:103} INFO - Task exited with return code 0
