[2020-06-23 20:16:06,662] {logging_mixin.py:112} WARNING - [2020-06-23 20:16:06,662 DEBUG] [airflow.task.task_runner.standard_task_runner.StandardTaskRunner.base_task_runner.__init__] Planning to run as the  user
[2020-06-23 20:16:06,662] {base_task_runner.py:61} DEBUG - Planning to run as the  user
[2020-06-23 20:16:06,677] {taskinstance.py:669} INFO - Dependencies all met for <TaskInstance: fffl_update.update_scoreboards 2020-06-23T19:00:00+00:00 [queued]>
[2020-06-23 20:16:06,693] {taskinstance.py:669} INFO - Dependencies all met for <TaskInstance: fffl_update.update_scoreboards 2020-06-23T19:00:00+00:00 [queued]>
[2020-06-23 20:16:06,693] {taskinstance.py:879} INFO - 
--------------------------------------------------------------------------------
[2020-06-23 20:16:06,694] {taskinstance.py:880} INFO - Starting attempt 1 of 2
[2020-06-23 20:16:06,694] {taskinstance.py:881} INFO - 
--------------------------------------------------------------------------------
[2020-06-23 20:16:06,710] {taskinstance.py:900} INFO - Executing <Task(PythonOperator): update_scoreboards> on 2020-06-23T19:00:00+00:00
[2020-06-23 20:16:06,746] {logging_mixin.py:112} WARNING - [2020-06-23 20:16:06,742 INFO] [airflow.task.task_runner.standard_task_runner.StandardTaskRunner.standard_task_runner._start_by_fork] Started process 23595 to run task
[2020-06-23 20:16:06,742] {standard_task_runner.py:53} INFO - Started process 23595 to run task
[2020-06-23 20:16:06,971] {logging_mixin.py:112} INFO - Running %s on host %s <TaskInstance: fffl_update.update_scoreboards 2020-06-23T19:00:00+00:00 [running]> DESKTOP-POQM5AD.localdomain
[2020-06-23 20:16:07,002] {__init__.py:97} DEBUG - Preparing lineage inlets and outlets
[2020-06-23 20:16:07,003] {__init__.py:133} DEBUG - inlets: [], outlets: []
[2020-06-23 20:16:07,020] {python_operator.py:105} DEBUG - Exporting the following env vars:
AIRFLOW_CTX_DAG_EMAIL=capeterson3@gmail.com
AIRFLOW_CTX_DAG_OWNER=airflow
AIRFLOW_CTX_DAG_ID=fffl_update
AIRFLOW_CTX_TASK_ID=update_scoreboards
AIRFLOW_CTX_EXECUTION_DATE=2020-06-23T19:00:00+00:00
AIRFLOW_CTX_DAG_RUN_ID=scheduled__2020-06-23T19:00:00+00:00
[2020-06-23 20:16:07,028] {logging_mixin.py:112} INFO - Updating scoreboards for 2019, week 1
[2020-06-23 20:16:07,870] {logging_mixin.py:112} INFO - Updating scoreboards for 2019, week 2
[2020-06-23 20:16:08,470] {logging_mixin.py:112} INFO - Updating scoreboards for 2019, week 3
[2020-06-23 20:16:08,995] {logging_mixin.py:112} INFO - Updating scoreboards for 2019, week 4
[2020-06-23 20:16:09,617] {logging_mixin.py:112} INFO - Updating scoreboards for 2019, week 5
[2020-06-23 20:16:10,296] {logging_mixin.py:112} INFO - Updating scoreboards for 2019, week 6
[2020-06-23 20:16:11,043] {logging_mixin.py:112} INFO - Updating scoreboards for 2019, week 7
[2020-06-23 20:16:11,648] {logging_mixin.py:112} WARNING - [2020-06-23 20:16:11,648 DEBUG] [airflow.jobs.local_task_job.LocalTaskJob.base_job.heartbeat] [heartbeat]
[2020-06-23 20:16:11,649] {logging_mixin.py:112} INFO - [2020-06-23 20:16:11,648] {base_job.py:200} DEBUG - [heartbeat]
[2020-06-23 20:16:11,649] {logging_mixin.py:112} WARNING - [2020-06-23 20:16:11,649 DEBUG] [airflow.jobs.local_task_job.LocalTaskJob.local_task_job._execute] Time since last heartbeat(0.02 s) < heartrate(5.0 s), sleeping for 4.982257 s
[2020-06-23 20:16:11,651] {logging_mixin.py:112} INFO - [2020-06-23 20:16:11,649] {local_task_job.py:124} DEBUG - Time since last heartbeat(0.02 s) < heartrate(5.0 s), sleeping for 4.982257 s
[2020-06-23 20:16:11,675] {logging_mixin.py:112} INFO - Updating scoreboards for 2019, week 8
[2020-06-23 20:16:12,324] {logging_mixin.py:112} INFO - Updating scoreboards for 2019, week 9
[2020-06-23 20:16:12,882] {logging_mixin.py:112} INFO - Updating scoreboards for 2019, week 10
[2020-06-23 20:16:13,373] {logging_mixin.py:112} INFO - Updating scoreboards for 2019, week 11
[2020-06-23 20:16:14,012] {logging_mixin.py:112} INFO - Updating scoreboards for 2019, week 12
[2020-06-23 20:16:14,628] {logging_mixin.py:112} INFO - Updating scoreboards for 2019, week 13
[2020-06-23 20:16:15,341] {logging_mixin.py:112} INFO - Updating scoreboards for 2019, week 14
[2020-06-23 20:16:15,806] {logging_mixin.py:112} INFO - Updating scoreboards for 2019, week 15
[2020-06-23 20:16:16,470] {logging_mixin.py:112} INFO - Updating scoreboards for 2019, week 16
[2020-06-23 20:16:16,672] {logging_mixin.py:112} WARNING - [2020-06-23 20:16:16,672 DEBUG] [airflow.jobs.local_task_job.LocalTaskJob.base_job.heartbeat] [heartbeat]
[2020-06-23 20:16:16,672] {logging_mixin.py:112} INFO - [2020-06-23 20:16:16,672] {base_job.py:200} DEBUG - [heartbeat]
[2020-06-23 20:16:16,672] {logging_mixin.py:112} WARNING - [2020-06-23 20:16:16,672 DEBUG] [airflow.jobs.local_task_job.LocalTaskJob.local_task_job._execute] Time since last heartbeat(0.01 s) < heartrate(5.0 s), sleeping for 4.990295 s
[2020-06-23 20:16:16,673] {logging_mixin.py:112} INFO - [2020-06-23 20:16:16,672] {local_task_job.py:124} DEBUG - Time since last heartbeat(0.01 s) < heartrate(5.0 s), sleeping for 4.990295 s
[2020-06-23 20:16:16,962] {python_operator.py:114} INFO - Done. Returned value was: None
[2020-06-23 20:16:16,965] {__init__.py:58} DEBUG - Backend: None, Lineage called with inlets: [], outlets: []
[2020-06-23 20:16:16,988] {taskinstance.py:1065} INFO - Marking task as SUCCESS.dag_id=fffl_update, task_id=update_scoreboards, execution_date=20200623T190000, start_date=20200624T031606, end_date=20200624T031616
[2020-06-23 20:16:21,664] {logging_mixin.py:112} WARNING - [2020-06-23 20:16:21,664 INFO] [airflow.jobs.local_task_job.LocalTaskJob.local_task_job._execute] Task exited with return code 0
[2020-06-23 20:16:21,665] {logging_mixin.py:112} INFO - [2020-06-23 20:16:21,664] {local_task_job.py:103} INFO - Task exited with return code 0
