[2020-06-23 19:02:20,665] {logging_mixin.py:112} WARNING - [2020-06-23 19:02:20,665 DEBUG] [airflow.task.task_runner.standard_task_runner.StandardTaskRunner.base_task_runner.__init__] Planning to run as the  user
[2020-06-23 19:02:20,665] {base_task_runner.py:61} DEBUG - Planning to run as the  user
[2020-06-23 19:02:20,680] {taskinstance.py:669} INFO - Dependencies all met for <TaskInstance: fffl_update.update_scoreboards 2020-06-23T09:00:00+00:00 [queued]>
[2020-06-23 19:02:20,695] {taskinstance.py:669} INFO - Dependencies all met for <TaskInstance: fffl_update.update_scoreboards 2020-06-23T09:00:00+00:00 [queued]>
[2020-06-23 19:02:20,695] {taskinstance.py:879} INFO - 
--------------------------------------------------------------------------------
[2020-06-23 19:02:20,696] {taskinstance.py:880} INFO - Starting attempt 1 of 2
[2020-06-23 19:02:20,696] {taskinstance.py:881} INFO - 
--------------------------------------------------------------------------------
[2020-06-23 19:02:20,713] {taskinstance.py:900} INFO - Executing <Task(PythonOperator): update_scoreboards> on 2020-06-23T09:00:00+00:00
[2020-06-23 19:02:20,756] {logging_mixin.py:112} WARNING - [2020-06-23 19:02:20,752 INFO] [airflow.task.task_runner.standard_task_runner.StandardTaskRunner.standard_task_runner._start_by_fork] Started process 21012 to run task
[2020-06-23 19:02:20,752] {standard_task_runner.py:53} INFO - Started process 21012 to run task
[2020-06-23 19:02:20,976] {logging_mixin.py:112} INFO - Running %s on host %s <TaskInstance: fffl_update.update_scoreboards 2020-06-23T09:00:00+00:00 [running]> DESKTOP-POQM5AD.localdomain
[2020-06-23 19:02:21,007] {__init__.py:97} DEBUG - Preparing lineage inlets and outlets
[2020-06-23 19:02:21,009] {__init__.py:133} DEBUG - inlets: [], outlets: []
[2020-06-23 19:02:21,020] {python_operator.py:105} DEBUG - Exporting the following env vars:
AIRFLOW_CTX_DAG_EMAIL=capeterson3@gmail.com
AIRFLOW_CTX_DAG_OWNER=airflow
AIRFLOW_CTX_DAG_ID=fffl_update
AIRFLOW_CTX_TASK_ID=update_scoreboards
AIRFLOW_CTX_EXECUTION_DATE=2020-06-23T09:00:00+00:00
AIRFLOW_CTX_DAG_RUN_ID=scheduled__2020-06-23T09:00:00+00:00
[2020-06-23 19:02:21,026] {logging_mixin.py:112} INFO - Updating scoreboards for 2019, week 1
[2020-06-23 19:02:21,781] {logging_mixin.py:112} INFO - Updating scoreboards for 2019, week 2
[2020-06-23 19:02:22,415] {logging_mixin.py:112} INFO - Updating scoreboards for 2019, week 3
[2020-06-23 19:02:23,011] {logging_mixin.py:112} INFO - Updating scoreboards for 2019, week 4
[2020-06-23 19:02:23,646] {logging_mixin.py:112} INFO - Updating scoreboards for 2019, week 5
[2020-06-23 19:02:24,163] {logging_mixin.py:112} INFO - Updating scoreboards for 2019, week 6
[2020-06-23 19:02:24,763] {logging_mixin.py:112} INFO - Updating scoreboards for 2019, week 7
[2020-06-23 19:02:25,495] {logging_mixin.py:112} INFO - Updating scoreboards for 2019, week 8
[2020-06-23 19:02:25,665] {logging_mixin.py:112} WARNING - [2020-06-23 19:02:25,665 DEBUG] [airflow.jobs.local_task_job.LocalTaskJob.base_job.heartbeat] [heartbeat]
[2020-06-23 19:02:25,667] {logging_mixin.py:112} INFO - [2020-06-23 19:02:25,665] {base_job.py:200} DEBUG - [heartbeat]
[2020-06-23 19:02:25,668] {logging_mixin.py:112} WARNING - [2020-06-23 19:02:25,668 DEBUG] [airflow.jobs.local_task_job.LocalTaskJob.local_task_job._execute] Time since last heartbeat(0.03 s) < heartrate(5.0 s), sleeping for 4.974894 s
[2020-06-23 19:02:25,670] {logging_mixin.py:112} INFO - [2020-06-23 19:02:25,668] {local_task_job.py:124} DEBUG - Time since last heartbeat(0.03 s) < heartrate(5.0 s), sleeping for 4.974894 s
[2020-06-23 19:02:26,214] {logging_mixin.py:112} INFO - Updating scoreboards for 2019, week 9
[2020-06-23 19:02:26,935] {logging_mixin.py:112} INFO - Updating scoreboards for 2019, week 10
[2020-06-23 19:02:27,651] {logging_mixin.py:112} INFO - Updating scoreboards for 2019, week 11
[2020-06-23 19:02:28,154] {logging_mixin.py:112} INFO - Updating scoreboards for 2019, week 12
[2020-06-23 19:02:28,772] {logging_mixin.py:112} INFO - Updating scoreboards for 2019, week 13
[2020-06-23 19:02:29,285] {logging_mixin.py:112} INFO - Updating scoreboards for 2019, week 14
[2020-06-23 19:02:29,711] {logging_mixin.py:112} INFO - Updating scoreboards for 2019, week 15
[2020-06-23 19:02:30,409] {logging_mixin.py:112} INFO - Updating scoreboards for 2019, week 16
[2020-06-23 19:02:30,720] {logging_mixin.py:112} WARNING - [2020-06-23 19:02:30,719 DEBUG] [airflow.jobs.local_task_job.LocalTaskJob.base_job.heartbeat] [heartbeat]
[2020-06-23 19:02:30,720] {logging_mixin.py:112} INFO - [2020-06-23 19:02:30,719] {base_job.py:200} DEBUG - [heartbeat]
[2020-06-23 19:02:30,721] {logging_mixin.py:112} WARNING - [2020-06-23 19:02:30,721 DEBUG] [airflow.jobs.local_task_job.LocalTaskJob.local_task_job._execute] Time since last heartbeat(0.02 s) < heartrate(5.0 s), sleeping for 4.982969 s
[2020-06-23 19:02:30,721] {logging_mixin.py:112} INFO - [2020-06-23 19:02:30,721] {local_task_job.py:124} DEBUG - Time since last heartbeat(0.02 s) < heartrate(5.0 s), sleeping for 4.982969 s
[2020-06-23 19:02:30,940] {python_operator.py:114} INFO - Done. Returned value was: None
[2020-06-23 19:02:30,944] {__init__.py:58} DEBUG - Backend: None, Lineage called with inlets: [], outlets: []
[2020-06-23 19:02:30,976] {taskinstance.py:1065} INFO - Marking task as SUCCESS.dag_id=fffl_update, task_id=update_scoreboards, execution_date=20200623T090000, start_date=20200624T020220, end_date=20200624T020230
[2020-06-23 19:02:35,707] {logging_mixin.py:112} WARNING - [2020-06-23 19:02:35,706 INFO] [airflow.jobs.local_task_job.LocalTaskJob.local_task_job._execute] Task exited with return code 0
[2020-06-23 19:02:35,707] {logging_mixin.py:112} INFO - [2020-06-23 19:02:35,706] {local_task_job.py:103} INFO - Task exited with return code 0
