[2020-06-23 20:20:49,070] {logging_mixin.py:112} WARNING - [2020-06-23 20:20:49,070 DEBUG] [airflow.task.task_runner.standard_task_runner.StandardTaskRunner.base_task_runner.__init__] Planning to run as the  user
[2020-06-23 20:20:49,070] {base_task_runner.py:61} DEBUG - Planning to run as the  user
[2020-06-23 20:20:49,084] {taskinstance.py:669} INFO - Dependencies all met for <TaskInstance: fffl_update.update_scoreboards 2020-06-23T23:00:00+00:00 [queued]>
[2020-06-23 20:20:49,098] {taskinstance.py:669} INFO - Dependencies all met for <TaskInstance: fffl_update.update_scoreboards 2020-06-23T23:00:00+00:00 [queued]>
[2020-06-23 20:20:49,099] {taskinstance.py:879} INFO - 
--------------------------------------------------------------------------------
[2020-06-23 20:20:49,099] {taskinstance.py:880} INFO - Starting attempt 1 of 2
[2020-06-23 20:20:49,099] {taskinstance.py:881} INFO - 
--------------------------------------------------------------------------------
[2020-06-23 20:20:49,117] {taskinstance.py:900} INFO - Executing <Task(PythonOperator): update_scoreboards> on 2020-06-23T23:00:00+00:00
[2020-06-23 20:20:49,158] {logging_mixin.py:112} WARNING - [2020-06-23 20:20:49,152 INFO] [airflow.task.task_runner.standard_task_runner.StandardTaskRunner.standard_task_runner._start_by_fork] Started process 23933 to run task
[2020-06-23 20:20:49,152] {standard_task_runner.py:53} INFO - Started process 23933 to run task
[2020-06-23 20:20:49,364] {logging_mixin.py:112} INFO - Running %s on host %s <TaskInstance: fffl_update.update_scoreboards 2020-06-23T23:00:00+00:00 [running]> DESKTOP-POQM5AD.localdomain
[2020-06-23 20:20:49,389] {__init__.py:97} DEBUG - Preparing lineage inlets and outlets
[2020-06-23 20:20:49,391] {__init__.py:133} DEBUG - inlets: [], outlets: []
[2020-06-23 20:20:49,392] {python_operator.py:105} DEBUG - Exporting the following env vars:
AIRFLOW_CTX_DAG_EMAIL=capeterson3@gmail.com
AIRFLOW_CTX_DAG_OWNER=airflow
AIRFLOW_CTX_DAG_ID=fffl_update
AIRFLOW_CTX_TASK_ID=update_scoreboards
AIRFLOW_CTX_EXECUTION_DATE=2020-06-23T23:00:00+00:00
AIRFLOW_CTX_DAG_RUN_ID=scheduled__2020-06-23T23:00:00+00:00
[2020-06-23 20:20:49,402] {logging_mixin.py:112} INFO - Updating scoreboards for 2019, week 1
[2020-06-23 20:20:50,526] {logging_mixin.py:112} INFO - Updating scoreboards for 2019, week 2
[2020-06-23 20:20:51,189] {logging_mixin.py:112} INFO - Updating scoreboards for 2019, week 3
[2020-06-23 20:20:51,853] {logging_mixin.py:112} INFO - Updating scoreboards for 2019, week 4
[2020-06-23 20:20:52,461] {logging_mixin.py:112} INFO - Updating scoreboards for 2019, week 5
[2020-06-23 20:20:53,063] {logging_mixin.py:112} INFO - Updating scoreboards for 2019, week 6
[2020-06-23 20:20:53,693] {logging_mixin.py:112} INFO - Updating scoreboards for 2019, week 7
[2020-06-23 20:20:54,073] {logging_mixin.py:112} WARNING - [2020-06-23 20:20:54,073 DEBUG] [airflow.jobs.local_task_job.LocalTaskJob.base_job.heartbeat] [heartbeat]
[2020-06-23 20:20:54,074] {logging_mixin.py:112} INFO - [2020-06-23 20:20:54,073] {base_job.py:200} DEBUG - [heartbeat]
[2020-06-23 20:20:54,076] {logging_mixin.py:112} WARNING - [2020-06-23 20:20:54,076 DEBUG] [airflow.jobs.local_task_job.LocalTaskJob.local_task_job._execute] Time since last heartbeat(0.02 s) < heartrate(5.0 s), sleeping for 4.977016 s
[2020-06-23 20:20:54,077] {logging_mixin.py:112} INFO - [2020-06-23 20:20:54,076] {local_task_job.py:124} DEBUG - Time since last heartbeat(0.02 s) < heartrate(5.0 s), sleeping for 4.977016 s
[2020-06-23 20:20:54,305] {logging_mixin.py:112} INFO - Updating scoreboards for 2019, week 8
[2020-06-23 20:20:54,918] {logging_mixin.py:112} INFO - Updating scoreboards for 2019, week 9
[2020-06-23 20:20:55,537] {logging_mixin.py:112} INFO - Updating scoreboards for 2019, week 10
[2020-06-23 20:20:56,181] {logging_mixin.py:112} INFO - Updating scoreboards for 2019, week 11
[2020-06-23 20:20:56,866] {logging_mixin.py:112} INFO - Updating scoreboards for 2019, week 12
[2020-06-23 20:20:57,584] {logging_mixin.py:112} INFO - Updating scoreboards for 2019, week 13
[2020-06-23 20:20:58,206] {logging_mixin.py:112} INFO - Updating scoreboards for 2019, week 14
[2020-06-23 20:20:58,798] {logging_mixin.py:112} INFO - Updating scoreboards for 2019, week 15
[2020-06-23 20:20:59,106] {logging_mixin.py:112} WARNING - [2020-06-23 20:20:59,106 DEBUG] [airflow.jobs.local_task_job.LocalTaskJob.base_job.heartbeat] [heartbeat]
[2020-06-23 20:20:59,106] {logging_mixin.py:112} INFO - [2020-06-23 20:20:59,106] {base_job.py:200} DEBUG - [heartbeat]
[2020-06-23 20:20:59,107] {logging_mixin.py:112} WARNING - [2020-06-23 20:20:59,107 DEBUG] [airflow.jobs.local_task_job.LocalTaskJob.local_task_job._execute] Time since last heartbeat(0.01 s) < heartrate(5.0 s), sleeping for 4.990172 s
[2020-06-23 20:20:59,107] {logging_mixin.py:112} INFO - [2020-06-23 20:20:59,107] {local_task_job.py:124} DEBUG - Time since last heartbeat(0.01 s) < heartrate(5.0 s), sleeping for 4.990172 s
[2020-06-23 20:20:59,459] {logging_mixin.py:112} INFO - Updating scoreboards for 2019, week 16
[2020-06-23 20:21:00,114] {python_operator.py:114} INFO - Done. Returned value was: None
[2020-06-23 20:21:00,117] {__init__.py:58} DEBUG - Backend: None, Lineage called with inlets: [], outlets: []
[2020-06-23 20:21:00,124] {taskinstance.py:1065} INFO - Marking task as SUCCESS.dag_id=fffl_update, task_id=update_scoreboards, execution_date=20200623T230000, start_date=20200624T032049, end_date=20200624T032100
[2020-06-23 20:21:04,098] {logging_mixin.py:112} WARNING - [2020-06-23 20:21:04,098 INFO] [airflow.jobs.local_task_job.LocalTaskJob.local_task_job._execute] Task exited with return code 0
[2020-06-23 20:21:04,099] {logging_mixin.py:112} INFO - [2020-06-23 20:21:04,098] {local_task_job.py:103} INFO - Task exited with return code 0
