[2020-06-23 19:03:23,048] {logging_mixin.py:112} WARNING - [2020-06-23 19:03:23,048 DEBUG] [airflow.task.task_runner.standard_task_runner.StandardTaskRunner.base_task_runner.__init__] Planning to run as the  user
[2020-06-23 19:03:23,048] {base_task_runner.py:61} DEBUG - Planning to run as the  user
[2020-06-23 19:03:23,063] {taskinstance.py:669} INFO - Dependencies all met for <TaskInstance: fffl_update.update_scoreboards 2020-06-23T11:00:00+00:00 [queued]>
[2020-06-23 19:03:23,078] {taskinstance.py:669} INFO - Dependencies all met for <TaskInstance: fffl_update.update_scoreboards 2020-06-23T11:00:00+00:00 [queued]>
[2020-06-23 19:03:23,078] {taskinstance.py:879} INFO - 
--------------------------------------------------------------------------------
[2020-06-23 19:03:23,078] {taskinstance.py:880} INFO - Starting attempt 1 of 2
[2020-06-23 19:03:23,079] {taskinstance.py:881} INFO - 
--------------------------------------------------------------------------------
[2020-06-23 19:03:23,094] {taskinstance.py:900} INFO - Executing <Task(PythonOperator): update_scoreboards> on 2020-06-23T11:00:00+00:00
[2020-06-23 19:03:23,132] {logging_mixin.py:112} WARNING - [2020-06-23 19:03:23,129 INFO] [airflow.task.task_runner.standard_task_runner.StandardTaskRunner.standard_task_runner._start_by_fork] Started process 21056 to run task
[2020-06-23 19:03:23,129] {standard_task_runner.py:53} INFO - Started process 21056 to run task
[2020-06-23 19:03:23,335] {logging_mixin.py:112} INFO - Running %s on host %s <TaskInstance: fffl_update.update_scoreboards 2020-06-23T11:00:00+00:00 [running]> DESKTOP-POQM5AD.localdomain
[2020-06-23 19:03:23,367] {__init__.py:97} DEBUG - Preparing lineage inlets and outlets
[2020-06-23 19:03:23,369] {__init__.py:133} DEBUG - inlets: [], outlets: []
[2020-06-23 19:03:23,371] {python_operator.py:105} DEBUG - Exporting the following env vars:
AIRFLOW_CTX_DAG_EMAIL=capeterson3@gmail.com
AIRFLOW_CTX_DAG_OWNER=airflow
AIRFLOW_CTX_DAG_ID=fffl_update
AIRFLOW_CTX_TASK_ID=update_scoreboards
AIRFLOW_CTX_EXECUTION_DATE=2020-06-23T11:00:00+00:00
AIRFLOW_CTX_DAG_RUN_ID=scheduled__2020-06-23T11:00:00+00:00
[2020-06-23 19:03:23,385] {logging_mixin.py:112} INFO - Updating scoreboards for 2019, week 1
[2020-06-23 19:03:24,056] {logging_mixin.py:112} INFO - Updating scoreboards for 2019, week 2
[2020-06-23 19:03:24,780] {logging_mixin.py:112} INFO - Updating scoreboards for 2019, week 3
[2020-06-23 19:03:25,406] {logging_mixin.py:112} INFO - Updating scoreboards for 2019, week 4
[2020-06-23 19:03:26,011] {logging_mixin.py:112} INFO - Updating scoreboards for 2019, week 5
[2020-06-23 19:03:26,717] {logging_mixin.py:112} INFO - Updating scoreboards for 2019, week 6
[2020-06-23 19:03:27,344] {logging_mixin.py:112} INFO - Updating scoreboards for 2019, week 7
[2020-06-23 19:03:27,971] {logging_mixin.py:112} INFO - Updating scoreboards for 2019, week 8
[2020-06-23 19:03:28,064] {logging_mixin.py:112} WARNING - [2020-06-23 19:03:28,064 DEBUG] [airflow.jobs.local_task_job.LocalTaskJob.base_job.heartbeat] [heartbeat]
[2020-06-23 19:03:28,066] {logging_mixin.py:112} INFO - [2020-06-23 19:03:28,064] {base_job.py:200} DEBUG - [heartbeat]
[2020-06-23 19:03:28,066] {logging_mixin.py:112} WARNING - [2020-06-23 19:03:28,066 DEBUG] [airflow.jobs.local_task_job.LocalTaskJob.local_task_job._execute] Time since last heartbeat(0.03 s) < heartrate(5.0 s), sleeping for 4.966126 s
[2020-06-23 19:03:28,067] {logging_mixin.py:112} INFO - [2020-06-23 19:03:28,066] {local_task_job.py:124} DEBUG - Time since last heartbeat(0.03 s) < heartrate(5.0 s), sleeping for 4.966126 s
[2020-06-23 19:03:28,612] {logging_mixin.py:112} INFO - Updating scoreboards for 2019, week 9
[2020-06-23 19:03:29,279] {logging_mixin.py:112} INFO - Updating scoreboards for 2019, week 10
[2020-06-23 19:03:29,830] {logging_mixin.py:112} INFO - Updating scoreboards for 2019, week 11
[2020-06-23 19:03:30,344] {logging_mixin.py:112} INFO - Updating scoreboards for 2019, week 12
[2020-06-23 19:03:31,007] {logging_mixin.py:112} INFO - Updating scoreboards for 2019, week 13
[2020-06-23 19:03:31,623] {logging_mixin.py:112} INFO - Updating scoreboards for 2019, week 14
[2020-06-23 19:03:32,236] {logging_mixin.py:112} INFO - Updating scoreboards for 2019, week 15
[2020-06-23 19:03:32,872] {logging_mixin.py:112} INFO - Updating scoreboards for 2019, week 16
[2020-06-23 19:03:33,109] {logging_mixin.py:112} WARNING - [2020-06-23 19:03:33,108 DEBUG] [airflow.jobs.local_task_job.LocalTaskJob.base_job.heartbeat] [heartbeat]
[2020-06-23 19:03:33,109] {logging_mixin.py:112} INFO - [2020-06-23 19:03:33,108] {base_job.py:200} DEBUG - [heartbeat]
[2020-06-23 19:03:33,110] {logging_mixin.py:112} WARNING - [2020-06-23 19:03:33,110 DEBUG] [airflow.jobs.local_task_job.LocalTaskJob.local_task_job._execute] Time since last heartbeat(0.02 s) < heartrate(5.0 s), sleeping for 4.982629 s
[2020-06-23 19:03:33,110] {logging_mixin.py:112} INFO - [2020-06-23 19:03:33,110] {local_task_job.py:124} DEBUG - Time since last heartbeat(0.02 s) < heartrate(5.0 s), sleeping for 4.982629 s
[2020-06-23 19:03:33,320] {python_operator.py:114} INFO - Done. Returned value was: None
[2020-06-23 19:03:33,325] {__init__.py:58} DEBUG - Backend: None, Lineage called with inlets: [], outlets: []
[2020-06-23 19:03:33,374] {taskinstance.py:1065} INFO - Marking task as SUCCESS.dag_id=fffl_update, task_id=update_scoreboards, execution_date=20200623T110000, start_date=20200624T020323, end_date=20200624T020333
[2020-06-23 19:03:38,095] {logging_mixin.py:112} WARNING - [2020-06-23 19:03:38,095 INFO] [airflow.jobs.local_task_job.LocalTaskJob.local_task_job._execute] Task exited with return code 0
[2020-06-23 19:03:38,096] {logging_mixin.py:112} INFO - [2020-06-23 19:03:38,095] {local_task_job.py:103} INFO - Task exited with return code 0
