[2020-06-23 18:58:15,089] {logging_mixin.py:112} WARNING - [2020-06-23 18:58:15,089 DEBUG] [airflow.task.task_runner.standard_task_runner.StandardTaskRunner.base_task_runner.__init__] Planning to run as the  user
[2020-06-23 18:58:15,089] {base_task_runner.py:61} DEBUG - Planning to run as the  user
[2020-06-23 18:58:15,103] {taskinstance.py:669} INFO - Dependencies all met for <TaskInstance: fffl_update.update_scoreboards 2020-06-23T03:00:00+00:00 [queued]>
[2020-06-23 18:58:15,119] {taskinstance.py:669} INFO - Dependencies all met for <TaskInstance: fffl_update.update_scoreboards 2020-06-23T03:00:00+00:00 [queued]>
[2020-06-23 18:58:15,119] {taskinstance.py:879} INFO - 
--------------------------------------------------------------------------------
[2020-06-23 18:58:15,119] {taskinstance.py:880} INFO - Starting attempt 1 of 2
[2020-06-23 18:58:15,119] {taskinstance.py:881} INFO - 
--------------------------------------------------------------------------------
[2020-06-23 18:58:15,135] {taskinstance.py:900} INFO - Executing <Task(PythonOperator): update_scoreboards> on 2020-06-23T03:00:00+00:00
[2020-06-23 18:58:15,175] {logging_mixin.py:112} WARNING - [2020-06-23 18:58:15,171 INFO] [airflow.task.task_runner.standard_task_runner.StandardTaskRunner.standard_task_runner._start_by_fork] Started process 20788 to run task
[2020-06-23 18:58:15,171] {standard_task_runner.py:53} INFO - Started process 20788 to run task
[2020-06-23 18:58:15,384] {logging_mixin.py:112} INFO - Running %s on host %s <TaskInstance: fffl_update.update_scoreboards 2020-06-23T03:00:00+00:00 [running]> DESKTOP-POQM5AD.localdomain
[2020-06-23 18:58:15,415] {__init__.py:97} DEBUG - Preparing lineage inlets and outlets
[2020-06-23 18:58:15,418] {__init__.py:133} DEBUG - inlets: [], outlets: []
[2020-06-23 18:58:15,426] {python_operator.py:105} DEBUG - Exporting the following env vars:
AIRFLOW_CTX_DAG_EMAIL=capeterson3@gmail.com
AIRFLOW_CTX_DAG_OWNER=airflow
AIRFLOW_CTX_DAG_ID=fffl_update
AIRFLOW_CTX_TASK_ID=update_scoreboards
AIRFLOW_CTX_EXECUTION_DATE=2020-06-23T03:00:00+00:00
AIRFLOW_CTX_DAG_RUN_ID=scheduled__2020-06-23T03:00:00+00:00
[2020-06-23 18:58:15,442] {logging_mixin.py:112} INFO - Updating scoreboards for 2019, week 1
[2020-06-23 18:58:16,358] {logging_mixin.py:112} INFO - Updating scoreboards for 2019, week 2
[2020-06-23 18:58:16,822] {logging_mixin.py:112} INFO - Updating scoreboards for 2019, week 3
[2020-06-23 18:58:17,382] {logging_mixin.py:112} INFO - Updating scoreboards for 2019, week 4
[2020-06-23 18:58:17,880] {logging_mixin.py:112} INFO - Updating scoreboards for 2019, week 5
[2020-06-23 18:58:18,507] {logging_mixin.py:112} INFO - Updating scoreboards for 2019, week 6
[2020-06-23 18:58:19,028] {logging_mixin.py:112} INFO - Updating scoreboards for 2019, week 7
[2020-06-23 18:58:19,607] {logging_mixin.py:112} INFO - Updating scoreboards for 2019, week 8
[2020-06-23 18:58:20,075] {logging_mixin.py:112} WARNING - [2020-06-23 18:58:20,075 DEBUG] [airflow.jobs.local_task_job.LocalTaskJob.base_job.heartbeat] [heartbeat]
[2020-06-23 18:58:20,076] {logging_mixin.py:112} INFO - [2020-06-23 18:58:20,075] {base_job.py:200} DEBUG - [heartbeat]
[2020-06-23 18:58:20,076] {logging_mixin.py:112} WARNING - [2020-06-23 18:58:20,076 DEBUG] [airflow.jobs.local_task_job.LocalTaskJob.local_task_job._execute] Time since last heartbeat(0.01 s) < heartrate(5.0 s), sleeping for 4.989732 s
[2020-06-23 18:58:20,076] {logging_mixin.py:112} INFO - [2020-06-23 18:58:20,076] {local_task_job.py:124} DEBUG - Time since last heartbeat(0.01 s) < heartrate(5.0 s), sleeping for 4.989732 s
[2020-06-23 18:58:20,291] {logging_mixin.py:112} INFO - Updating scoreboards for 2019, week 9
[2020-06-23 18:58:21,249] {logging_mixin.py:112} INFO - Updating scoreboards for 2019, week 10
[2020-06-23 18:58:21,828] {logging_mixin.py:112} INFO - Updating scoreboards for 2019, week 11
[2020-06-23 18:58:22,384] {logging_mixin.py:112} INFO - Updating scoreboards for 2019, week 12
[2020-06-23 18:58:23,013] {logging_mixin.py:112} INFO - Updating scoreboards for 2019, week 13
[2020-06-23 18:58:23,626] {logging_mixin.py:112} INFO - Updating scoreboards for 2019, week 14
[2020-06-23 18:58:24,340] {logging_mixin.py:112} INFO - Updating scoreboards for 2019, week 15
[2020-06-23 18:58:24,957] {logging_mixin.py:112} INFO - Updating scoreboards for 2019, week 16
[2020-06-23 18:58:25,138] {logging_mixin.py:112} WARNING - [2020-06-23 18:58:25,138 DEBUG] [airflow.jobs.local_task_job.LocalTaskJob.base_job.heartbeat] [heartbeat]
[2020-06-23 18:58:25,138] {logging_mixin.py:112} INFO - [2020-06-23 18:58:25,138] {base_job.py:200} DEBUG - [heartbeat]
[2020-06-23 18:58:25,139] {logging_mixin.py:112} WARNING - [2020-06-23 18:58:25,139 DEBUG] [airflow.jobs.local_task_job.LocalTaskJob.local_task_job._execute] Time since last heartbeat(0.02 s) < heartrate(5.0 s), sleeping for 4.983402 s
[2020-06-23 18:58:25,139] {logging_mixin.py:112} INFO - [2020-06-23 18:58:25,139] {local_task_job.py:124} DEBUG - Time since last heartbeat(0.02 s) < heartrate(5.0 s), sleeping for 4.983402 s
[2020-06-23 18:58:25,471] {python_operator.py:114} INFO - Done. Returned value was: None
[2020-06-23 18:58:25,475] {__init__.py:58} DEBUG - Backend: None, Lineage called with inlets: [], outlets: []
[2020-06-23 18:58:25,509] {taskinstance.py:1065} INFO - Marking task as SUCCESS.dag_id=fffl_update, task_id=update_scoreboards, execution_date=20200623T030000, start_date=20200624T015815, end_date=20200624T015825
[2020-06-23 18:58:30,124] {logging_mixin.py:112} WARNING - [2020-06-23 18:58:30,124 INFO] [airflow.jobs.local_task_job.LocalTaskJob.local_task_job._execute] Task exited with return code 0
[2020-06-23 18:58:30,125] {logging_mixin.py:112} INFO - [2020-06-23 18:58:30,124] {local_task_job.py:103} INFO - Task exited with return code 0
