[2020-06-22 21:57:53,960] {logging_mixin.py:112} WARNING - [2020-06-22 21:57:53,960 DEBUG] [airflow.task.task_runner.standard_task_runner.StandardTaskRunner.base_task_runner.__init__] Planning to run as the  user
[2020-06-22 21:57:53,960] {base_task_runner.py:61} DEBUG - Planning to run as the  user
[2020-06-22 21:57:53,980] {taskinstance.py:669} INFO - Dependencies all met for <TaskInstance: fffl_update.update_scoreboards 2020-06-21T00:00:00+00:00 [queued]>
[2020-06-22 21:57:54,000] {taskinstance.py:669} INFO - Dependencies all met for <TaskInstance: fffl_update.update_scoreboards 2020-06-21T00:00:00+00:00 [queued]>
[2020-06-22 21:57:54,000] {taskinstance.py:879} INFO - 
--------------------------------------------------------------------------------
[2020-06-22 21:57:54,001] {taskinstance.py:880} INFO - Starting attempt 1 of 2
[2020-06-22 21:57:54,001] {taskinstance.py:881} INFO - 
--------------------------------------------------------------------------------
[2020-06-22 21:57:54,021] {taskinstance.py:900} INFO - Executing <Task(PythonOperator): update_scoreboards> on 2020-06-21T00:00:00+00:00
[2020-06-22 21:57:54,059] {logging_mixin.py:112} WARNING - [2020-06-22 21:57:54,055 INFO] [airflow.task.task_runner.standard_task_runner.StandardTaskRunner.standard_task_runner._start_by_fork] Started process 20321 to run task
[2020-06-22 21:57:54,055] {standard_task_runner.py:53} INFO - Started process 20321 to run task
[2020-06-22 21:57:54,304] {logging_mixin.py:112} INFO - Running %s on host %s <TaskInstance: fffl_update.update_scoreboards 2020-06-21T00:00:00+00:00 [running]> DESKTOP-POQM5AD.localdomain
[2020-06-22 21:57:54,338] {__init__.py:97} DEBUG - Preparing lineage inlets and outlets
[2020-06-22 21:57:54,339] {__init__.py:133} DEBUG - inlets: [], outlets: []
[2020-06-22 21:57:54,341] {python_operator.py:105} DEBUG - Exporting the following env vars:
AIRFLOW_CTX_DAG_EMAIL=capeterson3@gmail.com
AIRFLOW_CTX_DAG_OWNER=airflow
AIRFLOW_CTX_DAG_ID=fffl_update
AIRFLOW_CTX_TASK_ID=update_scoreboards
AIRFLOW_CTX_EXECUTION_DATE=2020-06-21T00:00:00+00:00
AIRFLOW_CTX_DAG_RUN_ID=scheduled__2020-06-21T00:00:00+00:00
[2020-06-22 21:57:54,404] {logging_mixin.py:112} INFO - Updating scoreboards for 2019, week 1
[2020-06-22 21:57:56,637] {logging_mixin.py:112} INFO - Updating scoreboards for 2019, week 2
[2020-06-22 21:57:57,484] {logging_mixin.py:112} INFO - Updating scoreboards for 2019, week 3
[2020-06-22 21:57:58,367] {logging_mixin.py:112} INFO - Updating scoreboards for 2019, week 4
[2020-06-22 21:57:58,936] {logging_mixin.py:112} WARNING - [2020-06-22 21:57:58,936 DEBUG] [airflow.jobs.local_task_job.LocalTaskJob.base_job.heartbeat] [heartbeat]
[2020-06-22 21:57:58,937] {logging_mixin.py:112} INFO - [2020-06-22 21:57:58,936] {base_job.py:200} DEBUG - [heartbeat]
[2020-06-22 21:57:58,937] {logging_mixin.py:112} WARNING - [2020-06-22 21:57:58,937 DEBUG] [airflow.jobs.local_task_job.LocalTaskJob.local_task_job._execute] Time since last heartbeat(0.03 s) < heartrate(5.0 s), sleeping for 4.966497 s
[2020-06-22 21:57:58,937] {logging_mixin.py:112} INFO - [2020-06-22 21:57:58,937] {local_task_job.py:124} DEBUG - Time since last heartbeat(0.03 s) < heartrate(5.0 s), sleeping for 4.966497 s
[2020-06-22 21:57:59,288] {logging_mixin.py:112} INFO - Updating scoreboards for 2019, week 5
[2020-06-22 21:58:00,119] {logging_mixin.py:112} INFO - Updating scoreboards for 2019, week 6
[2020-06-22 21:58:00,964] {logging_mixin.py:112} INFO - Updating scoreboards for 2019, week 7
[2020-06-22 21:58:01,889] {logging_mixin.py:112} INFO - Updating scoreboards for 2019, week 8
[2020-06-22 21:58:02,547] {logging_mixin.py:112} INFO - Updating scoreboards for 2019, week 9
[2020-06-22 21:58:03,533] {logging_mixin.py:112} INFO - Updating scoreboards for 2019, week 10
[2020-06-22 21:58:03,992] {logging_mixin.py:112} WARNING - [2020-06-22 21:58:03,992 DEBUG] [airflow.jobs.local_task_job.LocalTaskJob.base_job.heartbeat] [heartbeat]
[2020-06-22 21:58:03,992] {logging_mixin.py:112} INFO - [2020-06-22 21:58:03,992] {base_job.py:200} DEBUG - [heartbeat]
[2020-06-22 21:58:03,993] {logging_mixin.py:112} WARNING - [2020-06-22 21:58:03,993 DEBUG] [airflow.jobs.local_task_job.LocalTaskJob.local_task_job._execute] Time since last heartbeat(0.02 s) < heartrate(5.0 s), sleeping for 4.982538 s
[2020-06-22 21:58:03,994] {logging_mixin.py:112} INFO - [2020-06-22 21:58:03,993] {local_task_job.py:124} DEBUG - Time since last heartbeat(0.02 s) < heartrate(5.0 s), sleeping for 4.982538 s
[2020-06-22 21:58:04,452] {logging_mixin.py:112} INFO - Updating scoreboards for 2019, week 11
[2020-06-22 21:58:05,576] {logging_mixin.py:112} INFO - Updating scoreboards for 2019, week 12
[2020-06-22 21:58:06,500] {logging_mixin.py:112} INFO - Updating scoreboards for 2019, week 13
[2020-06-22 21:58:07,121] {logging_mixin.py:112} INFO - Updating scoreboards for 2019, week 14
[2020-06-22 21:58:07,775] {logging_mixin.py:112} INFO - Updating scoreboards for 2019, week 15
[2020-06-22 21:58:08,864] {logging_mixin.py:112} INFO - Updating scoreboards for 2019, week 16
[2020-06-22 21:58:09,066] {logging_mixin.py:112} WARNING - [2020-06-22 21:58:09,066 DEBUG] [airflow.jobs.local_task_job.LocalTaskJob.base_job.heartbeat] [heartbeat]
[2020-06-22 21:58:09,066] {logging_mixin.py:112} INFO - [2020-06-22 21:58:09,066] {base_job.py:200} DEBUG - [heartbeat]
[2020-06-22 21:58:09,067] {logging_mixin.py:112} WARNING - [2020-06-22 21:58:09,067 DEBUG] [airflow.jobs.local_task_job.LocalTaskJob.local_task_job._execute] Time since last heartbeat(0.02 s) < heartrate(5.0 s), sleeping for 4.982105 s
[2020-06-22 21:58:09,067] {logging_mixin.py:112} INFO - [2020-06-22 21:58:09,067] {local_task_job.py:124} DEBUG - Time since last heartbeat(0.02 s) < heartrate(5.0 s), sleeping for 4.982105 s
[2020-06-22 21:58:09,506] {python_operator.py:114} INFO - Done. Returned value was: None
[2020-06-22 21:58:09,512] {__init__.py:58} DEBUG - Backend: None, Lineage called with inlets: [], outlets: []
[2020-06-22 21:58:09,570] {taskinstance.py:1065} INFO - Marking task as SUCCESS.dag_id=fffl_update, task_id=update_scoreboards, execution_date=20200621T000000, start_date=20200623T045753, end_date=20200623T045809
[2020-06-22 21:58:14,051] {logging_mixin.py:112} WARNING - [2020-06-22 21:58:14,051 INFO] [airflow.jobs.local_task_job.LocalTaskJob.local_task_job._execute] Task exited with return code 0
[2020-06-22 21:58:14,051] {logging_mixin.py:112} INFO - [2020-06-22 21:58:14,051] {local_task_job.py:103} INFO - Task exited with return code 0
