[2020-06-23 18:58:55,276] {logging_mixin.py:112} WARNING - [2020-06-23 18:58:55,276 DEBUG] [airflow.task.task_runner.standard_task_runner.StandardTaskRunner.base_task_runner.__init__] Planning to run as the  user
[2020-06-23 18:58:55,276] {base_task_runner.py:61} DEBUG - Planning to run as the  user
[2020-06-23 18:58:55,290] {taskinstance.py:669} INFO - Dependencies all met for <TaskInstance: fffl_update.update_scoreboards 2020-06-23T04:00:00+00:00 [queued]>
[2020-06-23 18:58:55,305] {taskinstance.py:669} INFO - Dependencies all met for <TaskInstance: fffl_update.update_scoreboards 2020-06-23T04:00:00+00:00 [queued]>
[2020-06-23 18:58:55,307] {taskinstance.py:879} INFO - 
--------------------------------------------------------------------------------
[2020-06-23 18:58:55,307] {taskinstance.py:880} INFO - Starting attempt 1 of 2
[2020-06-23 18:58:55,307] {taskinstance.py:881} INFO - 
--------------------------------------------------------------------------------
[2020-06-23 18:58:55,325] {taskinstance.py:900} INFO - Executing <Task(PythonOperator): update_scoreboards> on 2020-06-23T04:00:00+00:00
[2020-06-23 18:58:55,363] {logging_mixin.py:112} WARNING - [2020-06-23 18:58:55,359 INFO] [airflow.task.task_runner.standard_task_runner.StandardTaskRunner.standard_task_runner._start_by_fork] Started process 20853 to run task
[2020-06-23 18:58:55,359] {standard_task_runner.py:53} INFO - Started process 20853 to run task
[2020-06-23 18:58:55,609] {logging_mixin.py:112} INFO - Running %s on host %s <TaskInstance: fffl_update.update_scoreboards 2020-06-23T04:00:00+00:00 [running]> DESKTOP-POQM5AD.localdomain
[2020-06-23 18:58:55,643] {__init__.py:97} DEBUG - Preparing lineage inlets and outlets
[2020-06-23 18:58:55,644] {__init__.py:133} DEBUG - inlets: [], outlets: []
[2020-06-23 18:58:55,645] {python_operator.py:105} DEBUG - Exporting the following env vars:
AIRFLOW_CTX_DAG_EMAIL=capeterson3@gmail.com
AIRFLOW_CTX_DAG_OWNER=airflow
AIRFLOW_CTX_DAG_ID=fffl_update
AIRFLOW_CTX_TASK_ID=update_scoreboards
AIRFLOW_CTX_EXECUTION_DATE=2020-06-23T04:00:00+00:00
AIRFLOW_CTX_DAG_RUN_ID=scheduled__2020-06-23T04:00:00+00:00
[2020-06-23 18:58:55,686] {logging_mixin.py:112} INFO - Updating scoreboards for 2019, week 1
[2020-06-23 18:58:56,373] {logging_mixin.py:112} INFO - Updating scoreboards for 2019, week 2
[2020-06-23 18:58:56,994] {logging_mixin.py:112} INFO - Updating scoreboards for 2019, week 3
[2020-06-23 18:58:57,615] {logging_mixin.py:112} INFO - Updating scoreboards for 2019, week 4
[2020-06-23 18:58:58,212] {logging_mixin.py:112} INFO - Updating scoreboards for 2019, week 5
[2020-06-23 18:58:58,720] {logging_mixin.py:112} INFO - Updating scoreboards for 2019, week 6
[2020-06-23 18:58:59,360] {logging_mixin.py:112} INFO - Updating scoreboards for 2019, week 7
[2020-06-23 18:58:59,982] {logging_mixin.py:112} INFO - Updating scoreboards for 2019, week 8
[2020-06-23 18:59:00,266] {logging_mixin.py:112} WARNING - [2020-06-23 18:59:00,266 DEBUG] [airflow.jobs.local_task_job.LocalTaskJob.base_job.heartbeat] [heartbeat]
[2020-06-23 18:59:00,267] {logging_mixin.py:112} INFO - [2020-06-23 18:59:00,266] {base_job.py:200} DEBUG - [heartbeat]
[2020-06-23 18:59:00,268] {logging_mixin.py:112} WARNING - [2020-06-23 18:59:00,268 DEBUG] [airflow.jobs.local_task_job.LocalTaskJob.local_task_job._execute] Time since last heartbeat(0.02 s) < heartrate(5.0 s), sleeping for 4.977995 s
[2020-06-23 18:59:00,268] {logging_mixin.py:112} INFO - [2020-06-23 18:59:00,268] {local_task_job.py:124} DEBUG - Time since last heartbeat(0.02 s) < heartrate(5.0 s), sleeping for 4.977995 s
[2020-06-23 18:59:00,492] {logging_mixin.py:112} INFO - Updating scoreboards for 2019, week 9
[2020-06-23 18:59:01,107] {logging_mixin.py:112} INFO - Updating scoreboards for 2019, week 10
[2020-06-23 18:59:01,715] {logging_mixin.py:112} INFO - Updating scoreboards for 2019, week 11
[2020-06-23 18:59:02,344] {logging_mixin.py:112} INFO - Updating scoreboards for 2019, week 12
[2020-06-23 18:59:02,901] {logging_mixin.py:112} INFO - Updating scoreboards for 2019, week 13
[2020-06-23 18:59:03,536] {logging_mixin.py:112} INFO - Updating scoreboards for 2019, week 14
[2020-06-23 18:59:04,152] {logging_mixin.py:112} INFO - Updating scoreboards for 2019, week 15
[2020-06-23 18:59:04,866] {logging_mixin.py:112} INFO - Updating scoreboards for 2019, week 16
[2020-06-23 18:59:05,288] {logging_mixin.py:112} WARNING - [2020-06-23 18:59:05,288 DEBUG] [airflow.jobs.local_task_job.LocalTaskJob.base_job.heartbeat] [heartbeat]
[2020-06-23 18:59:05,288] {logging_mixin.py:112} INFO - [2020-06-23 18:59:05,288] {base_job.py:200} DEBUG - [heartbeat]
[2020-06-23 18:59:05,289] {logging_mixin.py:112} WARNING - [2020-06-23 18:59:05,289 DEBUG] [airflow.jobs.local_task_job.LocalTaskJob.local_task_job._execute] Time since last heartbeat(0.01 s) < heartrate(5.0 s), sleeping for 4.991232 s
[2020-06-23 18:59:05,289] {logging_mixin.py:112} INFO - [2020-06-23 18:59:05,289] {local_task_job.py:124} DEBUG - Time since last heartbeat(0.01 s) < heartrate(5.0 s), sleeping for 4.991232 s
[2020-06-23 18:59:05,382] {python_operator.py:114} INFO - Done. Returned value was: None
[2020-06-23 18:59:05,384] {__init__.py:58} DEBUG - Backend: None, Lineage called with inlets: [], outlets: []
[2020-06-23 18:59:05,400] {taskinstance.py:1065} INFO - Marking task as SUCCESS.dag_id=fffl_update, task_id=update_scoreboards, execution_date=20200623T040000, start_date=20200624T015855, end_date=20200624T015905
[2020-06-23 18:59:10,282] {logging_mixin.py:112} WARNING - [2020-06-23 18:59:10,282 INFO] [airflow.jobs.local_task_job.LocalTaskJob.local_task_job._execute] Task exited with return code 0
[2020-06-23 18:59:10,282] {logging_mixin.py:112} INFO - [2020-06-23 18:59:10,282] {local_task_job.py:103} INFO - Task exited with return code 0
