[2020-06-23 18:49:18,081] {logging_mixin.py:112} WARNING - [2020-06-23 18:49:18,081 DEBUG] [airflow.task.task_runner.standard_task_runner.StandardTaskRunner.base_task_runner.__init__] Planning to run as the  user
[2020-06-23 18:49:18,081] {base_task_runner.py:61} DEBUG - Planning to run as the  user
[2020-06-23 18:49:18,111] {taskinstance.py:669} INFO - Dependencies all met for <TaskInstance: fffl_update.parse_scores 2020-06-23T00:00:00+00:00 [queued]>
[2020-06-23 18:49:18,144] {taskinstance.py:669} INFO - Dependencies all met for <TaskInstance: fffl_update.parse_scores 2020-06-23T00:00:00+00:00 [queued]>
[2020-06-23 18:49:18,145] {taskinstance.py:879} INFO - 
--------------------------------------------------------------------------------
[2020-06-23 18:49:18,145] {taskinstance.py:880} INFO - Starting attempt 1 of 2
[2020-06-23 18:49:18,146] {taskinstance.py:881} INFO - 
--------------------------------------------------------------------------------
[2020-06-23 18:49:18,163] {taskinstance.py:900} INFO - Executing <Task(PythonOperator): parse_scores> on 2020-06-23T00:00:00+00:00
[2020-06-23 18:49:18,209] {logging_mixin.py:112} WARNING - [2020-06-23 18:49:18,200 INFO] [airflow.task.task_runner.standard_task_runner.StandardTaskRunner.standard_task_runner._start_by_fork] Started process 20454 to run task
[2020-06-23 18:49:18,200] {standard_task_runner.py:53} INFO - Started process 20454 to run task
[2020-06-23 18:49:18,445] {logging_mixin.py:112} INFO - Running %s on host %s <TaskInstance: fffl_update.parse_scores 2020-06-23T00:00:00+00:00 [running]> DESKTOP-POQM5AD.localdomain
[2020-06-23 18:49:18,477] {__init__.py:97} DEBUG - Preparing lineage inlets and outlets
[2020-06-23 18:49:18,479] {__init__.py:133} DEBUG - inlets: [], outlets: []
[2020-06-23 18:49:18,500] {python_operator.py:105} DEBUG - Exporting the following env vars:
AIRFLOW_CTX_DAG_EMAIL=capeterson3@gmail.com
AIRFLOW_CTX_DAG_OWNER=airflow
AIRFLOW_CTX_DAG_ID=fffl_update
AIRFLOW_CTX_TASK_ID=parse_scores
AIRFLOW_CTX_EXECUTION_DATE=2020-06-23T00:00:00+00:00
AIRFLOW_CTX_DAG_RUN_ID=scheduled__2020-06-23T00:00:00+00:00
[2020-06-23 18:49:18,561] {python_operator.py:114} INFO - Done. Returned value was: [(20190101, 2019, '01', 'Lude', '80.56', 'Ost', '105.20'), (20190102, 2019, '01', 'Ost', '105.20', 'Lude', '80.56'), (20190111, 2019, '01', 'Benny', '104.56', 'Rades', '75.54'), (20190112, 2019, '01', 'Rades', '75.54', 'Benny', '104.56'), (20190121, 2019, '01', 'Strand', '80.60', 'Schingen', '59.92'), (20190122, 2019, '01', 'Schingen', '59.92', 'Strand', '80.60'), (20190131, 2019, '01', 'Sarge', '127.52', 'Gresh', '75.36'), (20190132, 2019, '01', 'Gresh', '75.36', 'Sarge', '127.52'), (20190141, 2019, '01', 'Faber', '114.62', 'Frank', '87.62'), (20190142, 2019, '01', 'Frank', '87.62', 'Faber', '114.62'), (20190151, 2019, '01', 'Winks', '64.72', 'Ceej', '87.50'), (20190152, 2019, '01', 'Ceej', '87.50', 'Winks', '64.72')]
[2020-06-23 18:49:18,609] {__init__.py:58} DEBUG - Backend: None, Lineage called with inlets: [], outlets: []
[2020-06-23 18:49:18,642] {taskinstance.py:1065} INFO - Marking task as SUCCESS.dag_id=fffl_update, task_id=parse_scores, execution_date=20200623T000000, start_date=20200624T014918, end_date=20200624T014918
[2020-06-23 18:49:23,094] {logging_mixin.py:112} WARNING - [2020-06-23 18:49:23,094 DEBUG] [airflow.jobs.local_task_job.LocalTaskJob.base_job.heartbeat] [heartbeat]
[2020-06-23 18:49:23,095] {logging_mixin.py:112} INFO - [2020-06-23 18:49:23,094] {base_job.py:200} DEBUG - [heartbeat]
[2020-06-23 18:49:23,096] {logging_mixin.py:112} WARNING - [2020-06-23 18:49:23,095 DEBUG] [airflow.jobs.local_task_job.LocalTaskJob.local_task_job._execute] Time since last heartbeat(0.02 s) < heartrate(5.0 s), sleeping for 4.97677 s
[2020-06-23 18:49:23,096] {logging_mixin.py:112} INFO - [2020-06-23 18:49:23,095] {local_task_job.py:124} DEBUG - Time since last heartbeat(0.02 s) < heartrate(5.0 s), sleeping for 4.97677 s
[2020-06-23 18:49:28,074] {logging_mixin.py:112} WARNING - [2020-06-23 18:49:28,074 INFO] [airflow.jobs.local_task_job.LocalTaskJob.local_task_job._execute] Task exited with return code 0
[2020-06-23 18:49:28,075] {logging_mixin.py:112} INFO - [2020-06-23 18:49:28,074] {local_task_job.py:103} INFO - Task exited with return code 0
