[2020-06-23 20:19:57,429] {logging_mixin.py:112} WARNING - [2020-06-23 20:19:57,429 DEBUG] [airflow.task.task_runner.standard_task_runner.StandardTaskRunner.base_task_runner.__init__] Planning to run as the  user
[2020-06-23 20:19:57,429] {base_task_runner.py:61} DEBUG - Planning to run as the  user
[2020-06-23 20:19:57,441] {taskinstance.py:669} INFO - Dependencies all met for <TaskInstance: fffl_update.update_scoreboards 2020-06-23T22:00:00+00:00 [queued]>
[2020-06-23 20:19:57,451] {taskinstance.py:669} INFO - Dependencies all met for <TaskInstance: fffl_update.update_scoreboards 2020-06-23T22:00:00+00:00 [queued]>
[2020-06-23 20:19:57,451] {taskinstance.py:879} INFO - 
--------------------------------------------------------------------------------
[2020-06-23 20:19:57,451] {taskinstance.py:880} INFO - Starting attempt 1 of 2
[2020-06-23 20:19:57,451] {taskinstance.py:881} INFO - 
--------------------------------------------------------------------------------
[2020-06-23 20:19:57,466] {taskinstance.py:900} INFO - Executing <Task(PythonOperator): update_scoreboards> on 2020-06-23T22:00:00+00:00
[2020-06-23 20:19:57,498] {logging_mixin.py:112} WARNING - [2020-06-23 20:19:57,494 INFO] [airflow.task.task_runner.standard_task_runner.StandardTaskRunner.standard_task_runner._start_by_fork] Started process 23821 to run task
[2020-06-23 20:19:57,494] {standard_task_runner.py:53} INFO - Started process 23821 to run task
[2020-06-23 20:19:57,717] {logging_mixin.py:112} INFO - Running %s on host %s <TaskInstance: fffl_update.update_scoreboards 2020-06-23T22:00:00+00:00 [running]> DESKTOP-POQM5AD.localdomain
[2020-06-23 20:19:57,740] {__init__.py:97} DEBUG - Preparing lineage inlets and outlets
[2020-06-23 20:19:57,741] {__init__.py:133} DEBUG - inlets: [], outlets: []
[2020-06-23 20:19:57,741] {python_operator.py:105} DEBUG - Exporting the following env vars:
AIRFLOW_CTX_DAG_EMAIL=capeterson3@gmail.com
AIRFLOW_CTX_DAG_OWNER=airflow
AIRFLOW_CTX_DAG_ID=fffl_update
AIRFLOW_CTX_TASK_ID=update_scoreboards
AIRFLOW_CTX_EXECUTION_DATE=2020-06-23T22:00:00+00:00
AIRFLOW_CTX_DAG_RUN_ID=scheduled__2020-06-23T22:00:00+00:00
[2020-06-23 20:19:57,753] {logging_mixin.py:112} INFO - Updating scoreboards for 2019, week 1
[2020-06-23 20:19:58,577] {logging_mixin.py:112} INFO - Updating scoreboards for 2019, week 2
[2020-06-23 20:19:59,127] {logging_mixin.py:112} INFO - Updating scoreboards for 2019, week 3
[2020-06-23 20:19:59,703] {logging_mixin.py:112} INFO - Updating scoreboards for 2019, week 4
[2020-06-23 20:20:00,524] {logging_mixin.py:112} INFO - Updating scoreboards for 2019, week 5
[2020-06-23 20:20:01,049] {logging_mixin.py:112} INFO - Updating scoreboards for 2019, week 6
[2020-06-23 20:20:01,668] {logging_mixin.py:112} INFO - Updating scoreboards for 2019, week 7
[2020-06-23 20:20:02,387] {logging_mixin.py:112} INFO - Updating scoreboards for 2019, week 8
[2020-06-23 20:20:02,411] {logging_mixin.py:112} WARNING - [2020-06-23 20:20:02,411 DEBUG] [airflow.jobs.local_task_job.LocalTaskJob.base_job.heartbeat] [heartbeat]
[2020-06-23 20:20:02,411] {logging_mixin.py:112} INFO - [2020-06-23 20:20:02,411] {base_job.py:200} DEBUG - [heartbeat]
[2020-06-23 20:20:02,412] {logging_mixin.py:112} WARNING - [2020-06-23 20:20:02,412 DEBUG] [airflow.jobs.local_task_job.LocalTaskJob.local_task_job._execute] Time since last heartbeat(0.01 s) < heartrate(5.0 s), sleeping for 4.986453 s
[2020-06-23 20:20:02,412] {logging_mixin.py:112} INFO - [2020-06-23 20:20:02,412] {local_task_job.py:124} DEBUG - Time since last heartbeat(0.01 s) < heartrate(5.0 s), sleeping for 4.986453 s
[2020-06-23 20:20:02,934] {logging_mixin.py:112} INFO - Updating scoreboards for 2019, week 9
[2020-06-23 20:20:03,629] {logging_mixin.py:112} INFO - Updating scoreboards for 2019, week 10
[2020-06-23 20:20:04,336] {logging_mixin.py:112} INFO - Updating scoreboards for 2019, week 11
[2020-06-23 20:20:04,888] {logging_mixin.py:112} INFO - Updating scoreboards for 2019, week 12
[2020-06-23 20:20:05,523] {logging_mixin.py:112} INFO - Updating scoreboards for 2019, week 13
[2020-06-23 20:20:06,054] {logging_mixin.py:112} INFO - Updating scoreboards for 2019, week 14
[2020-06-23 20:20:06,515] {logging_mixin.py:112} INFO - Updating scoreboards for 2019, week 15
[2020-06-23 20:20:07,046] {logging_mixin.py:112} INFO - Updating scoreboards for 2019, week 16
[2020-06-23 20:20:07,462] {python_operator.py:114} INFO - Done. Returned value was: None
[2020-06-23 20:20:07,466] {logging_mixin.py:112} WARNING - [2020-06-23 20:20:07,465 DEBUG] [airflow.jobs.local_task_job.LocalTaskJob.base_job.heartbeat] [heartbeat]
[2020-06-23 20:20:07,466] {logging_mixin.py:112} INFO - [2020-06-23 20:20:07,465] {base_job.py:200} DEBUG - [heartbeat]
[2020-06-23 20:20:07,467] {logging_mixin.py:112} WARNING - [2020-06-23 20:20:07,466 DEBUG] [airflow.jobs.local_task_job.LocalTaskJob.local_task_job._execute] Time since last heartbeat(0.02 s) < heartrate(5.0 s), sleeping for 4.98398 s
[2020-06-23 20:20:07,467] {logging_mixin.py:112} INFO - [2020-06-23 20:20:07,466] {local_task_job.py:124} DEBUG - Time since last heartbeat(0.02 s) < heartrate(5.0 s), sleeping for 4.98398 s
[2020-06-23 20:20:07,465] {__init__.py:58} DEBUG - Backend: None, Lineage called with inlets: [], outlets: []
[2020-06-23 20:20:07,481] {taskinstance.py:1065} INFO - Marking task as SUCCESS.dag_id=fffl_update, task_id=update_scoreboards, execution_date=20200623T220000, start_date=20200624T031957, end_date=20200624T032007
[2020-06-23 20:20:12,454] {logging_mixin.py:112} WARNING - [2020-06-23 20:20:12,454 INFO] [airflow.jobs.local_task_job.LocalTaskJob.local_task_job._execute] Task exited with return code 0
[2020-06-23 20:20:12,455] {logging_mixin.py:112} INFO - [2020-06-23 20:20:12,454] {local_task_job.py:103} INFO - Task exited with return code 0
