[2020-06-23 18:59:35,831] {logging_mixin.py:112} WARNING - [2020-06-23 18:59:35,831 DEBUG] [airflow.task.task_runner.standard_task_runner.StandardTaskRunner.base_task_runner.__init__] Planning to run as the  user
[2020-06-23 18:59:35,831] {base_task_runner.py:61} DEBUG - Planning to run as the  user
[2020-06-23 18:59:35,845] {taskinstance.py:669} INFO - Dependencies all met for <TaskInstance: fffl_update.update_scoreboards 2020-06-23T05:00:00+00:00 [queued]>
[2020-06-23 18:59:35,863] {taskinstance.py:669} INFO - Dependencies all met for <TaskInstance: fffl_update.update_scoreboards 2020-06-23T05:00:00+00:00 [queued]>
[2020-06-23 18:59:35,863] {taskinstance.py:879} INFO - 
--------------------------------------------------------------------------------
[2020-06-23 18:59:35,863] {taskinstance.py:880} INFO - Starting attempt 1 of 2
[2020-06-23 18:59:35,864] {taskinstance.py:881} INFO - 
--------------------------------------------------------------------------------
[2020-06-23 18:59:35,882] {taskinstance.py:900} INFO - Executing <Task(PythonOperator): update_scoreboards> on 2020-06-23T05:00:00+00:00
[2020-06-23 18:59:35,921] {logging_mixin.py:112} WARNING - [2020-06-23 18:59:35,916 INFO] [airflow.task.task_runner.standard_task_runner.StandardTaskRunner.standard_task_runner._start_by_fork] Started process 20912 to run task
[2020-06-23 18:59:35,916] {standard_task_runner.py:53} INFO - Started process 20912 to run task
[2020-06-23 18:59:36,153] {logging_mixin.py:112} INFO - Running %s on host %s <TaskInstance: fffl_update.update_scoreboards 2020-06-23T05:00:00+00:00 [running]> DESKTOP-POQM5AD.localdomain
[2020-06-23 18:59:36,191] {__init__.py:97} DEBUG - Preparing lineage inlets and outlets
[2020-06-23 18:59:36,193] {__init__.py:133} DEBUG - inlets: [], outlets: []
[2020-06-23 18:59:36,203] {python_operator.py:105} DEBUG - Exporting the following env vars:
AIRFLOW_CTX_DAG_EMAIL=capeterson3@gmail.com
AIRFLOW_CTX_DAG_OWNER=airflow
AIRFLOW_CTX_DAG_ID=fffl_update
AIRFLOW_CTX_TASK_ID=update_scoreboards
AIRFLOW_CTX_EXECUTION_DATE=2020-06-23T05:00:00+00:00
AIRFLOW_CTX_DAG_RUN_ID=scheduled__2020-06-23T05:00:00+00:00
[2020-06-23 18:59:36,210] {logging_mixin.py:112} INFO - Updating scoreboards for 2019, week 1
[2020-06-23 18:59:37,847] {logging_mixin.py:112} INFO - Updating scoreboards for 2019, week 2
[2020-06-23 18:59:38,442] {logging_mixin.py:112} INFO - Updating scoreboards for 2019, week 3
[2020-06-23 18:59:39,159] {logging_mixin.py:112} INFO - Updating scoreboards for 2019, week 4
[2020-06-23 18:59:39,802] {logging_mixin.py:112} INFO - Updating scoreboards for 2019, week 5
[2020-06-23 18:59:40,324] {logging_mixin.py:112} INFO - Updating scoreboards for 2019, week 6
[2020-06-23 18:59:40,818] {logging_mixin.py:112} WARNING - [2020-06-23 18:59:40,818 DEBUG] [airflow.jobs.local_task_job.LocalTaskJob.base_job.heartbeat] [heartbeat]
[2020-06-23 18:59:40,818] {logging_mixin.py:112} INFO - [2020-06-23 18:59:40,818] {base_job.py:200} DEBUG - [heartbeat]
[2020-06-23 18:59:40,818] {logging_mixin.py:112} WARNING - [2020-06-23 18:59:40,818 DEBUG] [airflow.jobs.local_task_job.LocalTaskJob.local_task_job._execute] Time since last heartbeat(0.01 s) < heartrate(5.0 s), sleeping for 4.989558 s
[2020-06-23 18:59:40,819] {logging_mixin.py:112} INFO - [2020-06-23 18:59:40,818] {local_task_job.py:124} DEBUG - Time since last heartbeat(0.01 s) < heartrate(5.0 s), sleeping for 4.989558 s
[2020-06-23 18:59:41,028] {logging_mixin.py:112} INFO - Updating scoreboards for 2019, week 7
[2020-06-23 18:59:41,753] {logging_mixin.py:112} INFO - Updating scoreboards for 2019, week 8
[2020-06-23 18:59:42,356] {logging_mixin.py:112} INFO - Updating scoreboards for 2019, week 9
[2020-06-23 18:59:42,981] {logging_mixin.py:112} INFO - Updating scoreboards for 2019, week 10
[2020-06-23 18:59:43,594] {logging_mixin.py:112} INFO - Updating scoreboards for 2019, week 11
[2020-06-23 18:59:44,215] {logging_mixin.py:112} INFO - Updating scoreboards for 2019, week 12
[2020-06-23 18:59:44,805] {logging_mixin.py:112} INFO - Updating scoreboards for 2019, week 13
[2020-06-23 18:59:45,548] {logging_mixin.py:112} INFO - Updating scoreboards for 2019, week 14
[2020-06-23 18:59:45,877] {logging_mixin.py:112} WARNING - [2020-06-23 18:59:45,876 DEBUG] [airflow.jobs.local_task_job.LocalTaskJob.base_job.heartbeat] [heartbeat]
[2020-06-23 18:59:45,877] {logging_mixin.py:112} INFO - [2020-06-23 18:59:45,876] {base_job.py:200} DEBUG - [heartbeat]
[2020-06-23 18:59:45,879] {logging_mixin.py:112} WARNING - [2020-06-23 18:59:45,878 DEBUG] [airflow.jobs.local_task_job.LocalTaskJob.local_task_job._execute] Time since last heartbeat(0.02 s) < heartrate(5.0 s), sleeping for 4.982283 s
[2020-06-23 18:59:45,879] {logging_mixin.py:112} INFO - [2020-06-23 18:59:45,878] {local_task_job.py:124} DEBUG - Time since last heartbeat(0.02 s) < heartrate(5.0 s), sleeping for 4.982283 s
[2020-06-23 18:59:46,054] {logging_mixin.py:112} INFO - Updating scoreboards for 2019, week 15
[2020-06-23 18:59:46,590] {logging_mixin.py:112} INFO - Updating scoreboards for 2019, week 16
[2020-06-23 18:59:47,060] {python_operator.py:114} INFO - Done. Returned value was: None
[2020-06-23 18:59:47,067] {__init__.py:58} DEBUG - Backend: None, Lineage called with inlets: [], outlets: []
[2020-06-23 18:59:47,102] {taskinstance.py:1065} INFO - Marking task as SUCCESS.dag_id=fffl_update, task_id=update_scoreboards, execution_date=20200623T050000, start_date=20200624T015935, end_date=20200624T015947
[2020-06-23 18:59:50,864] {logging_mixin.py:112} WARNING - [2020-06-23 18:59:50,864 INFO] [airflow.jobs.local_task_job.LocalTaskJob.local_task_job._execute] Task exited with return code 0
[2020-06-23 18:59:50,864] {logging_mixin.py:112} INFO - [2020-06-23 18:59:50,864] {local_task_job.py:103} INFO - Task exited with return code 0
