[2020-06-23 20:22:55,492] {logging_mixin.py:112} WARNING - [2020-06-23 20:22:55,492 DEBUG] [airflow.task.task_runner.standard_task_runner.StandardTaskRunner.base_task_runner.__init__] Planning to run as the  user
[2020-06-23 20:22:55,492] {base_task_runner.py:61} DEBUG - Planning to run as the  user
[2020-06-23 20:22:55,506] {taskinstance.py:669} INFO - Dependencies all met for <TaskInstance: fffl_update.update_scoreboards 2020-06-24T02:00:00+00:00 [queued]>
[2020-06-23 20:22:55,520] {taskinstance.py:669} INFO - Dependencies all met for <TaskInstance: fffl_update.update_scoreboards 2020-06-24T02:00:00+00:00 [queued]>
[2020-06-23 20:22:55,521] {taskinstance.py:879} INFO - 
--------------------------------------------------------------------------------
[2020-06-23 20:22:55,521] {taskinstance.py:880} INFO - Starting attempt 1 of 2
[2020-06-23 20:22:55,521] {taskinstance.py:881} INFO - 
--------------------------------------------------------------------------------
[2020-06-23 20:22:55,539] {taskinstance.py:900} INFO - Executing <Task(PythonOperator): update_scoreboards> on 2020-06-24T02:00:00+00:00
[2020-06-23 20:22:55,577] {logging_mixin.py:112} WARNING - [2020-06-23 20:22:55,573 INFO] [airflow.task.task_runner.standard_task_runner.StandardTaskRunner.standard_task_runner._start_by_fork] Started process 24051 to run task
[2020-06-23 20:22:55,573] {standard_task_runner.py:53} INFO - Started process 24051 to run task
[2020-06-23 20:22:55,790] {logging_mixin.py:112} INFO - Running %s on host %s <TaskInstance: fffl_update.update_scoreboards 2020-06-24T02:00:00+00:00 [running]> DESKTOP-POQM5AD.localdomain
[2020-06-23 20:22:55,818] {__init__.py:97} DEBUG - Preparing lineage inlets and outlets
[2020-06-23 20:22:55,820] {__init__.py:133} DEBUG - inlets: [], outlets: []
[2020-06-23 20:22:55,822] {python_operator.py:105} DEBUG - Exporting the following env vars:
AIRFLOW_CTX_DAG_EMAIL=capeterson3@gmail.com
AIRFLOW_CTX_DAG_OWNER=airflow
AIRFLOW_CTX_DAG_ID=fffl_update
AIRFLOW_CTX_TASK_ID=update_scoreboards
AIRFLOW_CTX_EXECUTION_DATE=2020-06-24T02:00:00+00:00
AIRFLOW_CTX_DAG_RUN_ID=scheduled__2020-06-24T02:00:00+00:00
[2020-06-23 20:22:55,830] {logging_mixin.py:112} INFO - Updating scoreboards for 2019, week 1
[2020-06-23 20:22:56,699] {logging_mixin.py:112} INFO - Updating scoreboards for 2019, week 2
[2020-06-23 20:22:57,376] {logging_mixin.py:112} INFO - Updating scoreboards for 2019, week 3
[2020-06-23 20:22:58,049] {logging_mixin.py:112} INFO - Updating scoreboards for 2019, week 4
[2020-06-23 20:22:58,639] {logging_mixin.py:112} INFO - Updating scoreboards for 2019, week 5
[2020-06-23 20:22:59,326] {logging_mixin.py:112} INFO - Updating scoreboards for 2019, week 6
[2020-06-23 20:22:59,842] {logging_mixin.py:112} INFO - Updating scoreboards for 2019, week 7
[2020-06-23 20:23:00,442] {logging_mixin.py:112} INFO - Updating scoreboards for 2019, week 8
[2020-06-23 20:23:00,469] {logging_mixin.py:112} WARNING - [2020-06-23 20:23:00,469 DEBUG] [airflow.jobs.local_task_job.LocalTaskJob.base_job.heartbeat] [heartbeat]
[2020-06-23 20:23:00,469] {logging_mixin.py:112} INFO - [2020-06-23 20:23:00,469] {base_job.py:200} DEBUG - [heartbeat]
[2020-06-23 20:23:00,470] {logging_mixin.py:112} WARNING - [2020-06-23 20:23:00,470 DEBUG] [airflow.jobs.local_task_job.LocalTaskJob.local_task_job._execute] Time since last heartbeat(0.01 s) < heartrate(5.0 s), sleeping for 4.988237 s
[2020-06-23 20:23:00,470] {logging_mixin.py:112} INFO - [2020-06-23 20:23:00,470] {local_task_job.py:124} DEBUG - Time since last heartbeat(0.01 s) < heartrate(5.0 s), sleeping for 4.988237 s
[2020-06-23 20:23:01,029] {logging_mixin.py:112} INFO - Updating scoreboards for 2019, week 9
[2020-06-23 20:23:01,675] {logging_mixin.py:112} INFO - Updating scoreboards for 2019, week 10
[2020-06-23 20:23:02,430] {logging_mixin.py:112} INFO - Updating scoreboards for 2019, week 11
[2020-06-23 20:23:02,948] {logging_mixin.py:112} INFO - Updating scoreboards for 2019, week 12
[2020-06-23 20:23:03,589] {logging_mixin.py:112} INFO - Updating scoreboards for 2019, week 13
[2020-06-23 20:23:04,356] {logging_mixin.py:112} INFO - Updating scoreboards for 2019, week 14
[2020-06-23 20:23:04,854] {logging_mixin.py:112} INFO - Updating scoreboards for 2019, week 15
[2020-06-23 20:23:05,535] {logging_mixin.py:112} WARNING - [2020-06-23 20:23:05,534 DEBUG] [airflow.jobs.local_task_job.LocalTaskJob.base_job.heartbeat] [heartbeat]
[2020-06-23 20:23:05,535] {logging_mixin.py:112} INFO - [2020-06-23 20:23:05,534] {base_job.py:200} DEBUG - [heartbeat]
[2020-06-23 20:23:05,536] {logging_mixin.py:112} WARNING - [2020-06-23 20:23:05,536 DEBUG] [airflow.jobs.local_task_job.LocalTaskJob.local_task_job._execute] Time since last heartbeat(0.02 s) < heartrate(5.0 s), sleeping for 4.982994 s
[2020-06-23 20:23:05,536] {logging_mixin.py:112} INFO - [2020-06-23 20:23:05,536] {local_task_job.py:124} DEBUG - Time since last heartbeat(0.02 s) < heartrate(5.0 s), sleeping for 4.982994 s
[2020-06-23 20:23:05,593] {logging_mixin.py:112} INFO - Updating scoreboards for 2019, week 16
[2020-06-23 20:23:06,193] {python_operator.py:114} INFO - Done. Returned value was: None
[2020-06-23 20:23:06,198] {__init__.py:58} DEBUG - Backend: None, Lineage called with inlets: [], outlets: []
[2020-06-23 20:23:06,217] {taskinstance.py:1065} INFO - Marking task as SUCCESS.dag_id=fffl_update, task_id=update_scoreboards, execution_date=20200624T020000, start_date=20200624T032255, end_date=20200624T032306
[2020-06-23 20:23:10,521] {logging_mixin.py:112} WARNING - [2020-06-23 20:23:10,521 INFO] [airflow.jobs.local_task_job.LocalTaskJob.local_task_job._execute] Task exited with return code 0
[2020-06-23 20:23:10,522] {logging_mixin.py:112} INFO - [2020-06-23 20:23:10,521] {local_task_job.py:103} INFO - Task exited with return code 0
