[2020-06-23 18:57:10,315] {logging_mixin.py:112} WARNING - [2020-06-23 18:57:10,314 DEBUG] [airflow.task.task_runner.standard_task_runner.StandardTaskRunner.base_task_runner.__init__] Planning to run as the  user
[2020-06-23 18:57:10,314] {base_task_runner.py:61} DEBUG - Planning to run as the  user
[2020-06-23 18:57:10,328] {taskinstance.py:669} INFO - Dependencies all met for <TaskInstance: fffl_update.update_scoreboards 2020-06-23T01:00:00+00:00 [queued]>
[2020-06-23 18:57:10,342] {taskinstance.py:669} INFO - Dependencies all met for <TaskInstance: fffl_update.update_scoreboards 2020-06-23T01:00:00+00:00 [queued]>
[2020-06-23 18:57:10,343] {taskinstance.py:879} INFO - 
--------------------------------------------------------------------------------
[2020-06-23 18:57:10,343] {taskinstance.py:880} INFO - Starting attempt 1 of 2
[2020-06-23 18:57:10,343] {taskinstance.py:881} INFO - 
--------------------------------------------------------------------------------
[2020-06-23 18:57:10,358] {taskinstance.py:900} INFO - Executing <Task(PythonOperator): update_scoreboards> on 2020-06-23T01:00:00+00:00
[2020-06-23 18:57:10,399] {logging_mixin.py:112} WARNING - [2020-06-23 18:57:10,394 INFO] [airflow.task.task_runner.standard_task_runner.StandardTaskRunner.standard_task_runner._start_by_fork] Started process 20753 to run task
[2020-06-23 18:57:10,394] {standard_task_runner.py:53} INFO - Started process 20753 to run task
[2020-06-23 18:57:10,624] {logging_mixin.py:112} INFO - Running %s on host %s <TaskInstance: fffl_update.update_scoreboards 2020-06-23T01:00:00+00:00 [running]> DESKTOP-POQM5AD.localdomain
[2020-06-23 18:57:10,664] {__init__.py:97} DEBUG - Preparing lineage inlets and outlets
[2020-06-23 18:57:10,666] {__init__.py:133} DEBUG - inlets: [], outlets: []
[2020-06-23 18:57:10,683] {python_operator.py:105} DEBUG - Exporting the following env vars:
AIRFLOW_CTX_DAG_EMAIL=capeterson3@gmail.com
AIRFLOW_CTX_DAG_OWNER=airflow
AIRFLOW_CTX_DAG_ID=fffl_update
AIRFLOW_CTX_TASK_ID=update_scoreboards
AIRFLOW_CTX_EXECUTION_DATE=2020-06-23T01:00:00+00:00
AIRFLOW_CTX_DAG_RUN_ID=scheduled__2020-06-23T01:00:00+00:00
[2020-06-23 18:57:10,688] {logging_mixin.py:112} INFO - Updating scoreboards for 2019, week 1
[2020-06-23 18:57:12,746] {logging_mixin.py:112} INFO - Updating scoreboards for 2019, week 2
[2020-06-23 18:57:13,368] {logging_mixin.py:112} INFO - Updating scoreboards for 2019, week 3
[2020-06-23 18:57:13,997] {logging_mixin.py:112} INFO - Updating scoreboards for 2019, week 4
[2020-06-23 18:57:14,550] {logging_mixin.py:112} INFO - Updating scoreboards for 2019, week 5
[2020-06-23 18:57:15,304] {logging_mixin.py:112} WARNING - [2020-06-23 18:57:15,303 DEBUG] [airflow.jobs.local_task_job.LocalTaskJob.base_job.heartbeat] [heartbeat]
[2020-06-23 18:57:15,305] {logging_mixin.py:112} INFO - [2020-06-23 18:57:15,303] {base_job.py:200} DEBUG - [heartbeat]
[2020-06-23 18:57:15,305] {logging_mixin.py:112} WARNING - [2020-06-23 18:57:15,305 DEBUG] [airflow.jobs.local_task_job.LocalTaskJob.local_task_job._execute] Time since last heartbeat(0.02 s) < heartrate(5.0 s), sleeping for 4.977597 s
[2020-06-23 18:57:15,306] {logging_mixin.py:112} INFO - [2020-06-23 18:57:15,305] {local_task_job.py:124} DEBUG - Time since last heartbeat(0.02 s) < heartrate(5.0 s), sleeping for 4.977597 s
[2020-06-23 18:57:15,337] {logging_mixin.py:112} INFO - Updating scoreboards for 2019, week 6
[2020-06-23 18:57:15,936] {logging_mixin.py:112} INFO - Updating scoreboards for 2019, week 7
[2020-06-23 18:57:16,612] {logging_mixin.py:112} INFO - Updating scoreboards for 2019, week 8
[2020-06-23 18:57:17,353] {logging_mixin.py:112} INFO - Updating scoreboards for 2019, week 9
[2020-06-23 18:57:17,943] {logging_mixin.py:112} INFO - Updating scoreboards for 2019, week 10
[2020-06-23 18:57:18,504] {logging_mixin.py:112} INFO - Updating scoreboards for 2019, week 11
[2020-06-23 18:57:19,319] {logging_mixin.py:112} INFO - Updating scoreboards for 2019, week 12
[2020-06-23 18:57:20,027] {logging_mixin.py:112} INFO - Updating scoreboards for 2019, week 13
[2020-06-23 18:57:20,341] {logging_mixin.py:112} WARNING - [2020-06-23 18:57:20,341 DEBUG] [airflow.jobs.local_task_job.LocalTaskJob.base_job.heartbeat] [heartbeat]
[2020-06-23 18:57:20,341] {logging_mixin.py:112} INFO - [2020-06-23 18:57:20,341] {base_job.py:200} DEBUG - [heartbeat]
[2020-06-23 18:57:20,342] {logging_mixin.py:112} WARNING - [2020-06-23 18:57:20,342 DEBUG] [airflow.jobs.local_task_job.LocalTaskJob.local_task_job._execute] Time since last heartbeat(0.01 s) < heartrate(5.0 s), sleeping for 4.991652 s
[2020-06-23 18:57:20,342] {logging_mixin.py:112} INFO - [2020-06-23 18:57:20,342] {local_task_job.py:124} DEBUG - Time since last heartbeat(0.01 s) < heartrate(5.0 s), sleeping for 4.991652 s
[2020-06-23 18:57:20,853] {logging_mixin.py:112} INFO - Updating scoreboards for 2019, week 14
[2020-06-23 18:57:21,370] {logging_mixin.py:112} INFO - Updating scoreboards for 2019, week 15
[2020-06-23 18:57:21,957] {logging_mixin.py:112} INFO - Updating scoreboards for 2019, week 16
[2020-06-23 18:57:22,528] {python_operator.py:114} INFO - Done. Returned value was: None
[2020-06-23 18:57:22,530] {__init__.py:58} DEBUG - Backend: None, Lineage called with inlets: [], outlets: []
[2020-06-23 18:57:22,552] {taskinstance.py:1065} INFO - Marking task as SUCCESS.dag_id=fffl_update, task_id=update_scoreboards, execution_date=20200623T010000, start_date=20200624T015710, end_date=20200624T015722
[2020-06-23 18:57:25,335] {logging_mixin.py:112} WARNING - [2020-06-23 18:57:25,335 INFO] [airflow.jobs.local_task_job.LocalTaskJob.local_task_job._execute] Task exited with return code 0
[2020-06-23 18:57:25,336] {logging_mixin.py:112} INFO - [2020-06-23 18:57:25,335] {local_task_job.py:103} INFO - Task exited with return code 0
