[2020-06-23 19:06:21,568] {logging_mixin.py:112} WARNING - [2020-06-23 19:06:21,567 DEBUG] [airflow.task.task_runner.standard_task_runner.StandardTaskRunner.base_task_runner.__init__] Planning to run as the  user
[2020-06-23 19:06:21,567] {base_task_runner.py:61} DEBUG - Planning to run as the  user
[2020-06-23 19:06:21,579] {taskinstance.py:669} INFO - Dependencies all met for <TaskInstance: fffl_update.update_scoreboards 2020-06-23T15:00:00+00:00 [queued]>
[2020-06-23 19:06:21,592] {taskinstance.py:669} INFO - Dependencies all met for <TaskInstance: fffl_update.update_scoreboards 2020-06-23T15:00:00+00:00 [queued]>
[2020-06-23 19:06:21,593] {taskinstance.py:879} INFO - 
--------------------------------------------------------------------------------
[2020-06-23 19:06:21,593] {taskinstance.py:880} INFO - Starting attempt 1 of 2
[2020-06-23 19:06:21,593] {taskinstance.py:881} INFO - 
--------------------------------------------------------------------------------
[2020-06-23 19:06:21,607] {taskinstance.py:900} INFO - Executing <Task(PythonOperator): update_scoreboards> on 2020-06-23T15:00:00+00:00
[2020-06-23 19:06:21,642] {logging_mixin.py:112} WARNING - [2020-06-23 19:06:21,638 INFO] [airflow.task.task_runner.standard_task_runner.StandardTaskRunner.standard_task_runner._start_by_fork] Started process 21254 to run task
[2020-06-23 19:06:21,638] {standard_task_runner.py:53} INFO - Started process 21254 to run task
[2020-06-23 19:06:21,865] {logging_mixin.py:112} INFO - Running %s on host %s <TaskInstance: fffl_update.update_scoreboards 2020-06-23T15:00:00+00:00 [running]> DESKTOP-POQM5AD.localdomain
[2020-06-23 19:06:21,900] {__init__.py:97} DEBUG - Preparing lineage inlets and outlets
[2020-06-23 19:06:21,902] {__init__.py:133} DEBUG - inlets: [], outlets: []
[2020-06-23 19:06:21,903] {python_operator.py:105} DEBUG - Exporting the following env vars:
AIRFLOW_CTX_DAG_EMAIL=capeterson3@gmail.com
AIRFLOW_CTX_DAG_OWNER=airflow
AIRFLOW_CTX_DAG_ID=fffl_update
AIRFLOW_CTX_TASK_ID=update_scoreboards
AIRFLOW_CTX_EXECUTION_DATE=2020-06-23T15:00:00+00:00
AIRFLOW_CTX_DAG_RUN_ID=scheduled__2020-06-23T15:00:00+00:00
[2020-06-23 19:06:21,909] {logging_mixin.py:112} INFO - Updating scoreboards for 2019, week 1
[2020-06-23 19:06:23,788] {logging_mixin.py:112} INFO - Updating scoreboards for 2019, week 2
[2020-06-23 19:06:24,454] {logging_mixin.py:112} INFO - Updating scoreboards for 2019, week 3
[2020-06-23 19:06:25,016] {logging_mixin.py:112} INFO - Updating scoreboards for 2019, week 4
[2020-06-23 19:06:25,717] {logging_mixin.py:112} INFO - Updating scoreboards for 2019, week 5
[2020-06-23 19:06:26,228] {logging_mixin.py:112} INFO - Updating scoreboards for 2019, week 6
[2020-06-23 19:06:26,566] {logging_mixin.py:112} WARNING - [2020-06-23 19:06:26,566 DEBUG] [airflow.jobs.local_task_job.LocalTaskJob.base_job.heartbeat] [heartbeat]
[2020-06-23 19:06:26,568] {logging_mixin.py:112} INFO - [2020-06-23 19:06:26,566] {base_job.py:200} DEBUG - [heartbeat]
[2020-06-23 19:06:26,569] {logging_mixin.py:112} WARNING - [2020-06-23 19:06:26,568 DEBUG] [airflow.jobs.local_task_job.LocalTaskJob.local_task_job._execute] Time since last heartbeat(0.02 s) < heartrate(5.0 s), sleeping for 4.977201 s
[2020-06-23 19:06:26,569] {logging_mixin.py:112} INFO - [2020-06-23 19:06:26,568] {local_task_job.py:124} DEBUG - Time since last heartbeat(0.02 s) < heartrate(5.0 s), sleeping for 4.977201 s
[2020-06-23 19:06:26,957] {logging_mixin.py:112} INFO - Updating scoreboards for 2019, week 7
[2020-06-23 19:06:27,436] {logging_mixin.py:112} INFO - Updating scoreboards for 2019, week 8
[2020-06-23 19:06:28,064] {logging_mixin.py:112} INFO - Updating scoreboards for 2019, week 9
[2020-06-23 19:06:28,700] {logging_mixin.py:112} INFO - Updating scoreboards for 2019, week 10
[2020-06-23 19:06:29,312] {logging_mixin.py:112} INFO - Updating scoreboards for 2019, week 11
[2020-06-23 19:06:29,930] {logging_mixin.py:112} INFO - Updating scoreboards for 2019, week 12
[2020-06-23 19:06:30,564] {logging_mixin.py:112} INFO - Updating scoreboards for 2019, week 13
[2020-06-23 19:06:31,261] {logging_mixin.py:112} INFO - Updating scoreboards for 2019, week 14
[2020-06-23 19:06:31,622] {logging_mixin.py:112} WARNING - [2020-06-23 19:06:31,622 DEBUG] [airflow.jobs.local_task_job.LocalTaskJob.base_job.heartbeat] [heartbeat]
[2020-06-23 19:06:31,623] {logging_mixin.py:112} INFO - [2020-06-23 19:06:31,622] {base_job.py:200} DEBUG - [heartbeat]
[2020-06-23 19:06:31,624] {logging_mixin.py:112} WARNING - [2020-06-23 19:06:31,623 DEBUG] [airflow.jobs.local_task_job.LocalTaskJob.local_task_job._execute] Time since last heartbeat(0.02 s) < heartrate(5.0 s), sleeping for 4.982746 s
[2020-06-23 19:06:31,624] {logging_mixin.py:112} INFO - [2020-06-23 19:06:31,623] {local_task_job.py:124} DEBUG - Time since last heartbeat(0.02 s) < heartrate(5.0 s), sleeping for 4.982746 s
[2020-06-23 19:06:31,980] {logging_mixin.py:112} INFO - Updating scoreboards for 2019, week 15
[2020-06-23 19:06:32,608] {logging_mixin.py:112} INFO - Updating scoreboards for 2019, week 16
[2020-06-23 19:06:33,310] {python_operator.py:114} INFO - Done. Returned value was: None
[2020-06-23 19:06:33,314] {__init__.py:58} DEBUG - Backend: None, Lineage called with inlets: [], outlets: []
[2020-06-23 19:06:33,333] {taskinstance.py:1065} INFO - Marking task as SUCCESS.dag_id=fffl_update, task_id=update_scoreboards, execution_date=20200623T150000, start_date=20200624T020621, end_date=20200624T020633
[2020-06-23 19:06:36,608] {logging_mixin.py:112} WARNING - [2020-06-23 19:06:36,608 INFO] [airflow.jobs.local_task_job.LocalTaskJob.local_task_job._execute] Task exited with return code 0
[2020-06-23 19:06:36,609] {logging_mixin.py:112} INFO - [2020-06-23 19:06:36,608] {local_task_job.py:103} INFO - Task exited with return code 0
