[2020-06-23 19:04:20,424] {logging_mixin.py:112} WARNING - [2020-06-23 19:04:20,424 DEBUG] [airflow.task.task_runner.standard_task_runner.StandardTaskRunner.base_task_runner.__init__] Planning to run as the  user
[2020-06-23 19:04:20,424] {base_task_runner.py:61} DEBUG - Planning to run as the  user
[2020-06-23 19:04:20,438] {taskinstance.py:669} INFO - Dependencies all met for <TaskInstance: fffl_update.update_scoreboards 2020-06-23T12:00:00+00:00 [queued]>
[2020-06-23 19:04:20,457] {taskinstance.py:669} INFO - Dependencies all met for <TaskInstance: fffl_update.update_scoreboards 2020-06-23T12:00:00+00:00 [queued]>
[2020-06-23 19:04:20,457] {taskinstance.py:879} INFO - 
--------------------------------------------------------------------------------
[2020-06-23 19:04:20,457] {taskinstance.py:880} INFO - Starting attempt 1 of 2
[2020-06-23 19:04:20,457] {taskinstance.py:881} INFO - 
--------------------------------------------------------------------------------
[2020-06-23 19:04:20,472] {taskinstance.py:900} INFO - Executing <Task(PythonOperator): update_scoreboards> on 2020-06-23T12:00:00+00:00
[2020-06-23 19:04:20,509] {logging_mixin.py:112} WARNING - [2020-06-23 19:04:20,503 INFO] [airflow.task.task_runner.standard_task_runner.StandardTaskRunner.standard_task_runner._start_by_fork] Started process 21090 to run task
[2020-06-23 19:04:20,503] {standard_task_runner.py:53} INFO - Started process 21090 to run task
[2020-06-23 19:04:20,713] {logging_mixin.py:112} INFO - Running %s on host %s <TaskInstance: fffl_update.update_scoreboards 2020-06-23T12:00:00+00:00 [running]> DESKTOP-POQM5AD.localdomain
[2020-06-23 19:04:20,742] {__init__.py:97} DEBUG - Preparing lineage inlets and outlets
[2020-06-23 19:04:20,743] {__init__.py:133} DEBUG - inlets: [], outlets: []
[2020-06-23 19:04:20,746] {python_operator.py:105} DEBUG - Exporting the following env vars:
AIRFLOW_CTX_DAG_EMAIL=capeterson3@gmail.com
AIRFLOW_CTX_DAG_OWNER=airflow
AIRFLOW_CTX_DAG_ID=fffl_update
AIRFLOW_CTX_TASK_ID=update_scoreboards
AIRFLOW_CTX_EXECUTION_DATE=2020-06-23T12:00:00+00:00
AIRFLOW_CTX_DAG_RUN_ID=scheduled__2020-06-23T12:00:00+00:00
[2020-06-23 19:04:20,773] {logging_mixin.py:112} INFO - Updating scoreboards for 2019, week 1
[2020-06-23 19:04:22,501] {logging_mixin.py:112} INFO - Updating scoreboards for 2019, week 2
[2020-06-23 19:04:23,050] {logging_mixin.py:112} INFO - Updating scoreboards for 2019, week 3
[2020-06-23 19:04:23,703] {logging_mixin.py:112} INFO - Updating scoreboards for 2019, week 4
[2020-06-23 19:04:24,242] {logging_mixin.py:112} INFO - Updating scoreboards for 2019, week 5
[2020-06-23 19:04:24,818] {logging_mixin.py:112} INFO - Updating scoreboards for 2019, week 6
[2020-06-23 19:04:25,403] {logging_mixin.py:112} WARNING - [2020-06-23 19:04:25,403 DEBUG] [airflow.jobs.local_task_job.LocalTaskJob.base_job.heartbeat] [heartbeat]
[2020-06-23 19:04:25,403] {logging_mixin.py:112} INFO - [2020-06-23 19:04:25,403] {base_job.py:200} DEBUG - [heartbeat]
[2020-06-23 19:04:25,404] {logging_mixin.py:112} WARNING - [2020-06-23 19:04:25,403 DEBUG] [airflow.jobs.local_task_job.LocalTaskJob.local_task_job._execute] Time since last heartbeat(0.01 s) < heartrate(5.0 s), sleeping for 4.991029 s
[2020-06-23 19:04:25,404] {logging_mixin.py:112} INFO - [2020-06-23 19:04:25,403] {local_task_job.py:124} DEBUG - Time since last heartbeat(0.01 s) < heartrate(5.0 s), sleeping for 4.991029 s
[2020-06-23 19:04:25,511] {logging_mixin.py:112} INFO - Updating scoreboards for 2019, week 7
[2020-06-23 19:04:26,047] {logging_mixin.py:112} INFO - Updating scoreboards for 2019, week 8
[2020-06-23 19:04:26,685] {logging_mixin.py:112} INFO - Updating scoreboards for 2019, week 9
[2020-06-23 19:04:27,255] {logging_mixin.py:112} INFO - Updating scoreboards for 2019, week 10
[2020-06-23 19:04:28,004] {logging_mixin.py:112} INFO - Updating scoreboards for 2019, week 11
[2020-06-23 19:04:28,584] {logging_mixin.py:112} INFO - Updating scoreboards for 2019, week 12
[2020-06-23 19:04:29,515] {logging_mixin.py:112} INFO - Updating scoreboards for 2019, week 13
[2020-06-23 19:04:30,115] {logging_mixin.py:112} INFO - Updating scoreboards for 2019, week 14
[2020-06-23 19:04:30,472] {logging_mixin.py:112} WARNING - [2020-06-23 19:04:30,471 DEBUG] [airflow.jobs.local_task_job.LocalTaskJob.base_job.heartbeat] [heartbeat]
[2020-06-23 19:04:30,473] {logging_mixin.py:112} INFO - [2020-06-23 19:04:30,471] {base_job.py:200} DEBUG - [heartbeat]
[2020-06-23 19:04:30,474] {logging_mixin.py:112} WARNING - [2020-06-23 19:04:30,474 DEBUG] [airflow.jobs.local_task_job.LocalTaskJob.local_task_job._execute] Time since last heartbeat(0.02 s) < heartrate(5.0 s), sleeping for 4.982839 s
[2020-06-23 19:04:30,474] {logging_mixin.py:112} INFO - [2020-06-23 19:04:30,474] {local_task_job.py:124} DEBUG - Time since last heartbeat(0.02 s) < heartrate(5.0 s), sleeping for 4.982839 s
[2020-06-23 19:04:30,816] {logging_mixin.py:112} INFO - Updating scoreboards for 2019, week 15
[2020-06-23 19:04:31,552] {logging_mixin.py:112} INFO - Updating scoreboards for 2019, week 16
[2020-06-23 19:04:32,163] {python_operator.py:114} INFO - Done. Returned value was: None
[2020-06-23 19:04:32,168] {__init__.py:58} DEBUG - Backend: None, Lineage called with inlets: [], outlets: []
[2020-06-23 19:04:32,258] {taskinstance.py:1065} INFO - Marking task as SUCCESS.dag_id=fffl_update, task_id=update_scoreboards, execution_date=20200623T120000, start_date=20200624T020420, end_date=20200624T020432
[2020-06-23 19:04:35,459] {logging_mixin.py:112} WARNING - [2020-06-23 19:04:35,458 INFO] [airflow.jobs.local_task_job.LocalTaskJob.local_task_job._execute] Task exited with return code 0
[2020-06-23 19:04:35,459] {logging_mixin.py:112} INFO - [2020-06-23 19:04:35,458] {local_task_job.py:103} INFO - Task exited with return code 0
