[2020-06-15 20:41:27,743] {scheduler_job.py:154} INFO - Started process (PID=13053) to work on /mnt/c/Users/Chris/Documents/Fantasy/fffl/fffl/dags/airflow_tutorial.py
[2020-06-15 20:41:27,752] {scheduler_job.py:1562} INFO - Processing file /mnt/c/Users/Chris/Documents/Fantasy/fffl/fffl/dags/airflow_tutorial.py for tasks to queue
[2020-06-15 20:41:27,753] {logging_mixin.py:112} INFO - [2020-06-15 20:41:27,753] {dagbag.py:396} INFO - Filling up the DagBag from /mnt/c/Users/Chris/Documents/Fantasy/fffl/fffl/dags/airflow_tutorial.py
[2020-06-15 20:41:27,779] {logging_mixin.py:112} INFO - [2020-06-15 20:41:27,776] {dagbag.py:239} ERROR - Failed to import: /mnt/c/Users/Chris/Documents/Fantasy/fffl/fffl/dags/airflow_tutorial.py
Traceback (most recent call last):
  File "/home/chris/.local/share/virtualenvs/fffl-52iIzpSz/lib/python3.6/site-packages/airflow/models/dagbag.py", line 236, in process_file
    m = imp.load_source(mod_name, filepath)
  File "/usr/lib/python3.6/imp.py", line 172, in load_source
    module = _load(spec)
  File "<frozen importlib._bootstrap>", line 684, in _load
  File "<frozen importlib._bootstrap>", line 665, in _load_unlocked
  File "<frozen importlib._bootstrap_external>", line 678, in exec_module
  File "<frozen importlib._bootstrap>", line 219, in _call_with_frames_removed
  File "/mnt/c/Users/Chris/Documents/Fantasy/fffl/fffl/dags/airflow_tutorial.py", line 10, in <module>
    from src import fffl
ModuleNotFoundError: No module named 'src'
[2020-06-15 20:41:27,780] {scheduler_job.py:1576} WARNING - No viable dags retrieved from /mnt/c/Users/Chris/Documents/Fantasy/fffl/fffl/dags/airflow_tutorial.py
[2020-06-15 20:41:27,806] {scheduler_job.py:162} INFO - Processing /mnt/c/Users/Chris/Documents/Fantasy/fffl/fffl/dags/airflow_tutorial.py took 0.063 seconds
[2020-06-15 20:42:17,769] {scheduler_job.py:154} INFO - Started process (PID=13082) to work on /mnt/c/Users/Chris/Documents/Fantasy/fffl/fffl/dags/airflow_tutorial.py
[2020-06-15 20:42:17,796] {scheduler_job.py:1562} INFO - Processing file /mnt/c/Users/Chris/Documents/Fantasy/fffl/fffl/dags/airflow_tutorial.py for tasks to queue
[2020-06-15 20:42:17,797] {logging_mixin.py:112} INFO - [2020-06-15 20:42:17,796] {dagbag.py:396} INFO - Filling up the DagBag from /mnt/c/Users/Chris/Documents/Fantasy/fffl/fffl/dags/airflow_tutorial.py
[2020-06-15 20:42:17,818] {logging_mixin.py:112} INFO - [2020-06-15 20:42:17,816] {dagbag.py:239} ERROR - Failed to import: /mnt/c/Users/Chris/Documents/Fantasy/fffl/fffl/dags/airflow_tutorial.py
Traceback (most recent call last):
  File "/home/chris/.local/share/virtualenvs/fffl-52iIzpSz/lib/python3.6/site-packages/airflow/models/dagbag.py", line 236, in process_file
    m = imp.load_source(mod_name, filepath)
  File "/usr/lib/python3.6/imp.py", line 172, in load_source
    module = _load(spec)
  File "<frozen importlib._bootstrap>", line 684, in _load
  File "<frozen importlib._bootstrap>", line 665, in _load_unlocked
  File "<frozen importlib._bootstrap_external>", line 678, in exec_module
  File "<frozen importlib._bootstrap>", line 219, in _call_with_frames_removed
  File "/mnt/c/Users/Chris/Documents/Fantasy/fffl/fffl/dags/airflow_tutorial.py", line 10, in <module>
    from src import fffl
ModuleNotFoundError: No module named 'src'
[2020-06-15 20:42:17,819] {scheduler_job.py:1576} WARNING - No viable dags retrieved from /mnt/c/Users/Chris/Documents/Fantasy/fffl/fffl/dags/airflow_tutorial.py
[2020-06-15 20:42:17,868] {scheduler_job.py:162} INFO - Processing /mnt/c/Users/Chris/Documents/Fantasy/fffl/fffl/dags/airflow_tutorial.py took 0.099 seconds
[2020-06-15 20:43:07,825] {scheduler_job.py:154} INFO - Started process (PID=13115) to work on /mnt/c/Users/Chris/Documents/Fantasy/fffl/fffl/dags/airflow_tutorial.py
[2020-06-15 20:43:07,835] {scheduler_job.py:1562} INFO - Processing file /mnt/c/Users/Chris/Documents/Fantasy/fffl/fffl/dags/airflow_tutorial.py for tasks to queue
[2020-06-15 20:43:07,836] {logging_mixin.py:112} INFO - [2020-06-15 20:43:07,836] {dagbag.py:396} INFO - Filling up the DagBag from /mnt/c/Users/Chris/Documents/Fantasy/fffl/fffl/dags/airflow_tutorial.py
[2020-06-15 20:43:07,857] {logging_mixin.py:112} INFO - [2020-06-15 20:43:07,855] {dagbag.py:239} ERROR - Failed to import: /mnt/c/Users/Chris/Documents/Fantasy/fffl/fffl/dags/airflow_tutorial.py
Traceback (most recent call last):
  File "/home/chris/.local/share/virtualenvs/fffl-52iIzpSz/lib/python3.6/site-packages/airflow/models/dagbag.py", line 236, in process_file
    m = imp.load_source(mod_name, filepath)
  File "/usr/lib/python3.6/imp.py", line 172, in load_source
    module = _load(spec)
  File "<frozen importlib._bootstrap>", line 684, in _load
  File "<frozen importlib._bootstrap>", line 665, in _load_unlocked
  File "<frozen importlib._bootstrap_external>", line 678, in exec_module
  File "<frozen importlib._bootstrap>", line 219, in _call_with_frames_removed
  File "/mnt/c/Users/Chris/Documents/Fantasy/fffl/fffl/dags/airflow_tutorial.py", line 10, in <module>
    from src import fffl
ModuleNotFoundError: No module named 'src'
[2020-06-15 20:43:07,857] {scheduler_job.py:1576} WARNING - No viable dags retrieved from /mnt/c/Users/Chris/Documents/Fantasy/fffl/fffl/dags/airflow_tutorial.py
[2020-06-15 20:43:07,893] {scheduler_job.py:162} INFO - Processing /mnt/c/Users/Chris/Documents/Fantasy/fffl/fffl/dags/airflow_tutorial.py took 0.068 seconds
[2020-06-15 20:43:57,862] {scheduler_job.py:154} INFO - Started process (PID=13144) to work on /mnt/c/Users/Chris/Documents/Fantasy/fffl/fffl/dags/airflow_tutorial.py
[2020-06-15 20:43:57,871] {scheduler_job.py:1562} INFO - Processing file /mnt/c/Users/Chris/Documents/Fantasy/fffl/fffl/dags/airflow_tutorial.py for tasks to queue
[2020-06-15 20:43:57,871] {logging_mixin.py:112} INFO - [2020-06-15 20:43:57,871] {dagbag.py:396} INFO - Filling up the DagBag from /mnt/c/Users/Chris/Documents/Fantasy/fffl/fffl/dags/airflow_tutorial.py
[2020-06-15 20:43:57,889] {logging_mixin.py:112} INFO - [2020-06-15 20:43:57,886] {dagbag.py:239} ERROR - Failed to import: /mnt/c/Users/Chris/Documents/Fantasy/fffl/fffl/dags/airflow_tutorial.py
Traceback (most recent call last):
  File "/home/chris/.local/share/virtualenvs/fffl-52iIzpSz/lib/python3.6/site-packages/airflow/models/dagbag.py", line 236, in process_file
    m = imp.load_source(mod_name, filepath)
  File "/usr/lib/python3.6/imp.py", line 172, in load_source
    module = _load(spec)
  File "<frozen importlib._bootstrap>", line 684, in _load
  File "<frozen importlib._bootstrap>", line 665, in _load_unlocked
  File "<frozen importlib._bootstrap_external>", line 678, in exec_module
  File "<frozen importlib._bootstrap>", line 219, in _call_with_frames_removed
  File "/mnt/c/Users/Chris/Documents/Fantasy/fffl/fffl/dags/airflow_tutorial.py", line 10, in <module>
    from src import fffl
ModuleNotFoundError: No module named 'src'
[2020-06-15 20:43:57,889] {scheduler_job.py:1576} WARNING - No viable dags retrieved from /mnt/c/Users/Chris/Documents/Fantasy/fffl/fffl/dags/airflow_tutorial.py
[2020-06-15 20:43:57,921] {scheduler_job.py:162} INFO - Processing /mnt/c/Users/Chris/Documents/Fantasy/fffl/fffl/dags/airflow_tutorial.py took 0.059 seconds
[2020-06-15 20:44:47,943] {scheduler_job.py:154} INFO - Started process (PID=13177) to work on /mnt/c/Users/Chris/Documents/Fantasy/fffl/fffl/dags/airflow_tutorial.py
[2020-06-15 20:44:47,956] {scheduler_job.py:1562} INFO - Processing file /mnt/c/Users/Chris/Documents/Fantasy/fffl/fffl/dags/airflow_tutorial.py for tasks to queue
[2020-06-15 20:44:47,957] {logging_mixin.py:112} INFO - [2020-06-15 20:44:47,957] {dagbag.py:396} INFO - Filling up the DagBag from /mnt/c/Users/Chris/Documents/Fantasy/fffl/fffl/dags/airflow_tutorial.py
[2020-06-15 20:44:47,979] {logging_mixin.py:112} INFO - [2020-06-15 20:44:47,975] {dagbag.py:239} ERROR - Failed to import: /mnt/c/Users/Chris/Documents/Fantasy/fffl/fffl/dags/airflow_tutorial.py
Traceback (most recent call last):
  File "/home/chris/.local/share/virtualenvs/fffl-52iIzpSz/lib/python3.6/site-packages/airflow/models/dagbag.py", line 236, in process_file
    m = imp.load_source(mod_name, filepath)
  File "/usr/lib/python3.6/imp.py", line 172, in load_source
    module = _load(spec)
  File "<frozen importlib._bootstrap>", line 684, in _load
  File "<frozen importlib._bootstrap>", line 665, in _load_unlocked
  File "<frozen importlib._bootstrap_external>", line 678, in exec_module
  File "<frozen importlib._bootstrap>", line 219, in _call_with_frames_removed
  File "/mnt/c/Users/Chris/Documents/Fantasy/fffl/fffl/dags/airflow_tutorial.py", line 10, in <module>
    from src import fffl
ModuleNotFoundError: No module named 'src'
[2020-06-15 20:44:47,979] {scheduler_job.py:1576} WARNING - No viable dags retrieved from /mnt/c/Users/Chris/Documents/Fantasy/fffl/fffl/dags/airflow_tutorial.py
[2020-06-15 20:44:48,012] {scheduler_job.py:162} INFO - Processing /mnt/c/Users/Chris/Documents/Fantasy/fffl/fffl/dags/airflow_tutorial.py took 0.070 seconds
[2020-06-15 20:45:37,981] {scheduler_job.py:154} INFO - Started process (PID=13206) to work on /mnt/c/Users/Chris/Documents/Fantasy/fffl/fffl/dags/airflow_tutorial.py
[2020-06-15 20:45:37,991] {scheduler_job.py:1562} INFO - Processing file /mnt/c/Users/Chris/Documents/Fantasy/fffl/fffl/dags/airflow_tutorial.py for tasks to queue
[2020-06-15 20:45:37,992] {logging_mixin.py:112} INFO - [2020-06-15 20:45:37,992] {dagbag.py:396} INFO - Filling up the DagBag from /mnt/c/Users/Chris/Documents/Fantasy/fffl/fffl/dags/airflow_tutorial.py
[2020-06-15 20:45:37,995] {scheduler_job.py:1576} WARNING - No viable dags retrieved from /mnt/c/Users/Chris/Documents/Fantasy/fffl/fffl/dags/airflow_tutorial.py
[2020-06-15 20:45:37,997] {scheduler_job.py:162} INFO - Processing /mnt/c/Users/Chris/Documents/Fantasy/fffl/fffl/dags/airflow_tutorial.py took 0.016 seconds
